0 verbose cli C:\Program Files\nodejs\node.exe C:\Program Files\nodejs\node_modules\npm\bin\npm-cli.js
1 info using npm@10.9.3
2 info using node@v22.18.0
3 silly config load:file:C:\Program Files\nodejs\node_modules\npm\npmrc
4 silly config load:file:C:\Users\ANAM1503\Desktop\sigam_vite\.npmrc
5 silly config load:file:C:\Users\ANAM1503\.npmrc
6 silly config load:file:C:\Users\ANAM1503\AppData\Roaming\npm\etc\npmrc
7 verbose title npm exec tsc -p client/tsconfig.json --noEmit
8 verbose argv "exec" "--" "tsc" "-p" "client/tsconfig.json" "--noEmit"
9 verbose logfile logs-max:10 dir:C:\Users\ANAM1503\Desktop\sigam_vite\UsersANAM1503AppDataLocalnpm-cache\_logs\2026-04-08T09_29_51_755Z-
10 verbose logfile C:\Users\ANAM1503\Desktop\sigam_vite\UsersANAM1503AppDataLocalnpm-cache\_logs\2026-04-08T09_29_51_755Z-debug-0.log
11 silly logfile done cleaning log files
12 silly packumentCache heap:4345298944 maxSize:1086324736 maxEntrySize:543162368
13 http fetch GET 200 https://registry.npmjs.org/npm 475ms
14 http fetch GET 200 https://registry.npmjs.org/tsc 474ms (cache miss)
15 silly packumentCache heap:4345298944 maxSize:1086324736 maxEntrySize:543162368
16 silly packumentCache heap:4345298944 maxSize:1086324736 maxEntrySize:543162368
17 warn exec The following package was not found and will be installed: tsc@2.0.4
18 silly idealTree buildDeps
19 silly fetch manifest tsc@2.0.4
20 silly packumentCache full:https://registry.npmjs.org/tsc cache-miss
21 http fetch GET 200 https://registry.npmjs.org/tsc 284ms (cache miss)
22 silly packumentCache full:https://registry.npmjs.org/tsc set size:undefined disposed:false
23 silly placeDep ROOT tsc@2.0.4 OK for:  want: 2.0.4
24 silly reify moves {}
25 silly audit bulk request { tsc: [ '2.0.4' ] }
26 http cache tsc@https://registry.npmjs.org/tsc/-/tsc-2.0.4.tgz 0ms (cache hit)
27 silly tarball no local data for tsc@https://registry.npmjs.org/tsc/-/tsc-2.0.4.tgz. Extracting by manifest.
28 http fetch GET 200 https://registry.npmjs.org/tsc/-/tsc-2.0.4.tgz 167ms (cache miss)
29 http fetch POST 200 https://registry.npmjs.org/-/npm/v1/security/advisories/bulk 277ms
30 silly audit report {}
31 verbose cwd C:\Users\ANAM1503\Desktop\sigam_vite
32 verbose os Windows_NT 10.0.20348
33 verbose node v22.18.0
34 verbose npm  v10.9.3
35 notice
35 notice New major version of npm available! 10.9.3 -> 11.12.1
35 notice Changelog: https://github.com/npm/cli/releases/tag/v11.12.1
35 notice To update run: npm install -g npm@11.12.1
35 notice  { force: true, [Symbol(proc-log.meta)]: true }
36 verbose exit 1
37 verbose code 1
