0 verbose cli C:\Program Files\nodejs\node.exe C:\Program Files\nodejs\node_modules\npm\bin\npm-cli.js
1 info using npm@10.9.3
2 info using node@v22.18.0
3 silly config load:file:C:\Program Files\nodejs\node_modules\npm\npmrc
4 silly config load:file:C:\Users\ANAM1503\Desktop\sigam_vite\.npmrc
5 silly config load:file:C:\Users\ANAM1503\.npmrc
6 silly config load:file:C:\Users\ANAM1503\AppData\Roaming\npm\etc\npmrc
7 verbose title npm exec prisma validate --schema server/prisma/schema.prisma
8 verbose argv "exec" "--" "prisma" "validate" "--schema" "server/prisma/schema.prisma"
9 verbose logfile logs-max:10 dir:C:\Users\ANAM1503\Desktop\sigam_vite\UsersANAM1503AppDataLocalnpm-cache\_logs\2026-05-11T09_09_09_014Z-
10 verbose logfile C:\Users\ANAM1503\Desktop\sigam_vite\UsersANAM1503AppDataLocalnpm-cache\_logs\2026-05-11T09_09_09_014Z-debug-0.log
11 silly logfile start cleaning logs, removing 1 files
12 silly logfile done cleaning log files
13 silly packumentCache heap:4345298944 maxSize:1086324736 maxEntrySize:543162368
14 http fetch GET 200 https://registry.npmjs.org/npm 465ms
15 http fetch GET 200 https://registry.npmjs.org/prisma 1282ms (cache updated)
16 silly packumentCache heap:4345298944 maxSize:1086324736 maxEntrySize:543162368
17 silly packumentCache heap:4345298944 maxSize:1086324736 maxEntrySize:543162368
18 warn exec The following package was not found and will be installed: prisma@7.8.0
19 silly idealTree buildDeps
20 silly fetch manifest prisma@7.8.0
21 silly packumentCache full:https://registry.npmjs.org/prisma cache-miss
22 http fetch GET 200 https://registry.npmjs.org/prisma 1333ms (cache miss)
23 silly packumentCache full:https://registry.npmjs.org/prisma set size:undefined disposed:false
24 silly fetch manifest better-sqlite3@>=9.0.0
25 silly packumentCache full:https://registry.npmjs.org/better-sqlite3 cache-miss
26 http fetch GET 200 https://registry.npmjs.org/better-sqlite3 341ms (cache miss)
27 silly packumentCache full:https://registry.npmjs.org/better-sqlite3 set size:undefined disposed:false
28 silly fetch manifest typescript@>=5.4.0
29 silly packumentCache full:https://registry.npmjs.org/typescript cache-miss
30 http fetch GET 200 https://registry.npmjs.org/typescript 485ms (cache miss)
31 silly packumentCache full:https://registry.npmjs.org/typescript set size:undefined disposed:false
32 silly placeDep ROOT prisma@7.8.0 OK for:  want: 7.8.0
33 silly fetch manifest mysql2@3.15.3
34 silly packumentCache full:https://registry.npmjs.org/mysql2 cache-miss
35 silly fetch manifest postgres@3.4.7
36 silly packumentCache full:https://registry.npmjs.org/postgres cache-miss
37 silly fetch manifest @prisma/dev@0.24.3
38 silly packumentCache full:https://registry.npmjs.org/@prisma%2fdev cache-miss
39 silly fetch manifest @prisma/config@7.8.0
40 silly packumentCache full:https://registry.npmjs.org/@prisma%2fconfig cache-miss
41 silly fetch manifest @prisma/engines@7.8.0
42 silly packumentCache full:https://registry.npmjs.org/@prisma%2fengines cache-miss
43 silly fetch manifest @prisma/studio-core@0.27.3
44 silly packumentCache full:https://registry.npmjs.org/@prisma%2fstudio-core cache-miss
45 http fetch GET 200 https://registry.npmjs.org/postgres 331ms (cache miss)
46 silly packumentCache full:https://registry.npmjs.org/postgres set size:undefined disposed:false
47 http fetch GET 200 https://registry.npmjs.org/mysql2 357ms (cache miss)
48 silly packumentCache full:https://registry.npmjs.org/mysql2 set size:undefined disposed:false
49 http fetch GET 200 https://registry.npmjs.org/@prisma%2fdev 755ms (cache miss)
50 silly packumentCache full:https://registry.npmjs.org/@prisma%2fdev set size:undefined disposed:false
51 http fetch GET 200 https://registry.npmjs.org/@prisma%2fstudio-core 887ms (cache miss)
52 silly packumentCache full:https://registry.npmjs.org/@prisma%2fstudio-core set size:undefined disposed:false
53 http fetch GET 200 https://registry.npmjs.org/@prisma%2fconfig 998ms (cache miss)
54 silly packumentCache full:https://registry.npmjs.org/@prisma%2fconfig set size:undefined disposed:false
55 http fetch GET 200 https://registry.npmjs.org/@prisma%2fengines 1445ms (cache miss)
56 silly packumentCache full:https://registry.npmjs.org/@prisma%2fengines set size:undefined disposed:false
57 silly fetch manifest @types/react@^18.0.0 || ^19.0.0
58 silly packumentCache full:https://registry.npmjs.org/@types%2freact cache-miss
59 http fetch GET 200 https://registry.npmjs.org/@types%2freact 429ms (cache miss)
60 silly packumentCache full:https://registry.npmjs.org/@types%2freact set size:undefined disposed:false
61 silly fetch manifest react@^18.0.0 || ^19.0.0
62 silly packumentCache full:https://registry.npmjs.org/react cache-miss
63 http fetch GET 200 https://registry.npmjs.org/react 484ms (cache miss)
64 silly packumentCache full:https://registry.npmjs.org/react set size:undefined disposed:false
65 silly fetch manifest react-dom@^18.0.0 || ^19.0.0
66 silly packumentCache full:https://registry.npmjs.org/react-dom cache-miss
67 http fetch GET 200 https://registry.npmjs.org/react-dom 481ms (cache miss)
68 silly packumentCache full:https://registry.npmjs.org/react-dom set size:undefined disposed:false
69 silly placeDep ROOT @prisma/config@7.8.0 OK for: prisma@7.8.0 want: 7.8.0
70 silly placeDep ROOT @prisma/dev@0.24.3 OK for: prisma@7.8.0 want: 0.24.3
71 silly placeDep ROOT @prisma/engines@7.8.0 OK for: prisma@7.8.0 want: 7.8.0
72 silly placeDep ROOT @prisma/studio-core@0.27.3 OK for: prisma@7.8.0 want: 0.27.3
73 silly placeDep ROOT @types/react@19.2.14 OK for: @prisma/studio-core@0.27.3 want: ^18.0.0 || ^19.0.0
74 silly placeDep ROOT react@19.2.6 OK for: @prisma/studio-core@0.27.3 want: ^18.0.0 || ^19.0.0
75 silly placeDep ROOT react-dom@19.2.6 OK for: @prisma/studio-core@0.27.3 want: ^18.0.0 || ^19.0.0
76 silly placeDep ROOT mysql2@3.15.3 OK for: prisma@7.8.0 want: 3.15.3
77 silly placeDep ROOT postgres@3.4.7 OK for: prisma@7.8.0 want: 3.4.7
78 silly fetch manifest c12@3.3.4
79 silly packumentCache full:https://registry.npmjs.org/c12 cache-miss
80 silly fetch manifest effect@3.20.0
81 silly packumentCache full:https://registry.npmjs.org/effect cache-miss
82 silly fetch manifest empathic@2.0.0
83 silly packumentCache full:https://registry.npmjs.org/empathic cache-miss
84 silly fetch manifest deepmerge-ts@7.1.5
85 silly packumentCache full:https://registry.npmjs.org/deepmerge-ts cache-miss
86 silly fetch manifest hono@^4.12.8
87 silly packumentCache full:https://registry.npmjs.org/hono cache-miss
88 silly fetch manifest pathe@2.0.3
89 silly packumentCache full:https://registry.npmjs.org/pathe cache-miss
90 silly fetch manifest remeda@2.33.4
91 silly packumentCache full:https://registry.npmjs.org/remeda cache-miss
92 silly fetch manifest std-env@3.10.0
93 silly packumentCache full:https://registry.npmjs.org/std-env cache-miss
94 silly fetch manifest valibot@1.2.0
95 silly packumentCache full:https://registry.npmjs.org/valibot cache-miss
96 silly fetch manifest zeptomatch@2.1.0
97 silly packumentCache full:https://registry.npmjs.org/zeptomatch cache-miss
98 silly fetch manifest get-port-please@3.2.0
99 silly packumentCache full:https://registry.npmjs.org/get-port-please cache-miss
100 silly fetch manifest proper-lockfile@4.1.2
101 silly packumentCache full:https://registry.npmjs.org/proper-lockfile cache-miss
102 silly fetch manifest foreground-child@3.3.1
103 silly packumentCache full:https://registry.npmjs.org/foreground-child cache-miss
104 silly fetch manifest @hono/node-server@1.19.11
105 silly packumentCache full:https://registry.npmjs.org/@hono%2fnode-server cache-miss
106 silly fetch manifest http-status-codes@2.3.0
107 silly packumentCache full:https://registry.npmjs.org/http-status-codes cache-miss
108 silly fetch manifest @electric-sql/pglite@0.4.1
109 silly packumentCache full:https://registry.npmjs.org/@electric-sql%2fpglite cache-miss
110 silly fetch manifest @prisma/get-platform@7.2.0
111 silly packumentCache full:https://registry.npmjs.org/@prisma%2fget-platform cache-miss
112 silly fetch manifest @prisma/streams-local@0.1.2
113 silly packumentCache full:https://registry.npmjs.org/@prisma%2fstreams-local cache-miss
114 silly fetch manifest @electric-sql/pglite-tools@0.3.1
115 silly packumentCache full:https://registry.npmjs.org/@electric-sql%2fpglite-tools cache-miss
116 silly fetch manifest @electric-sql/pglite-socket@0.1.1
117 silly packumentCache full:https://registry.npmjs.org/@electric-sql%2fpglite-socket cache-miss
118 silly fetch manifest @prisma/query-plan-executor@7.2.0
119 silly packumentCache full:https://registry.npmjs.org/@prisma%2fquery-plan-executor cache-miss
120 silly fetch manifest @prisma/debug@7.8.0
121 silly packumentCache full:https://registry.npmjs.org/@prisma%2fdebug cache-miss
122 silly fetch manifest @prisma/fetch-engine@7.8.0
123 silly packumentCache full:https://registry.npmjs.org/@prisma%2ffetch-engine cache-miss
124 http fetch GET 200 https://registry.npmjs.org/empathic 390ms (cache miss)
125 silly packumentCache full:https://registry.npmjs.org/empathic set size:undefined disposed:false
126 silly fetch manifest @prisma/get-platform@7.8.0
127 silly packumentCache full:https://registry.npmjs.org/@prisma%2fget-platform cache-miss
128 http fetch GET 200 https://registry.npmjs.org/pathe 395ms (cache miss)
129 silly packumentCache full:https://registry.npmjs.org/pathe set size:undefined disposed:false
130 silly fetch manifest @prisma/engines-version@7.8.0-6.3c6e192761c0362d496ed980de936e2f3cebcd3a
131 silly packumentCache full:https://registry.npmjs.org/@prisma%2fengines-version cache-miss
132 http fetch GET 200 https://registry.npmjs.org/c12 400ms (cache miss)
133 silly packumentCache full:https://registry.npmjs.org/c12 set size:undefined disposed:false
134 silly fetch manifest @radix-ui/react-toggle@1.1.10
135 silly packumentCache full:https://registry.npmjs.org/@radix-ui%2freact-toggle cache-miss
136 http fetch GET 200 https://registry.npmjs.org/proper-lockfile 403ms (cache miss)
137 silly packumentCache full:https://registry.npmjs.org/proper-lockfile set size:undefined disposed:false
138 silly fetch manifest chart.js@4.5.1
139 silly packumentCache full:https://registry.npmjs.org/chart.js cache-miss
140 http fetch GET 200 https://registry.npmjs.org/get-port-please 407ms (cache miss)
141 silly packumentCache full:https://registry.npmjs.org/get-port-please set size:undefined disposed:false
142 silly fetch manifest scheduler@^0.27.0
143 silly packumentCache full:https://registry.npmjs.org/scheduler cache-miss
144 http fetch GET 200 https://registry.npmjs.org/effect 413ms (cache miss)
145 silly packumentCache full:https://registry.npmjs.org/effect set size:undefined disposed:false
146 silly fetch manifest csstype@^3.2.2
147 silly packumentCache full:https://registry.npmjs.org/csstype cache-miss
148 http fetch GET 200 https://registry.npmjs.org/zeptomatch 542ms (cache miss)
149 silly packumentCache full:https://registry.npmjs.org/zeptomatch set size:undefined disposed:false
150 silly fetch manifest long@^5.2.1
151 silly packumentCache full:https://registry.npmjs.org/long cache-miss
152 http fetch GET 200 https://registry.npmjs.org/deepmerge-ts 548ms (cache miss)
153 silly packumentCache full:https://registry.npmjs.org/deepmerge-ts set size:undefined disposed:false
154 silly fetch manifest denque@^2.1.0
155 silly packumentCache full:https://registry.npmjs.org/denque cache-miss
156 http fetch GET 200 https://registry.npmjs.org/std-env 555ms (cache miss)
157 silly packumentCache full:https://registry.npmjs.org/std-env set size:undefined disposed:false
158 silly fetch manifest lru.min@^1.0.0
159 silly packumentCache full:https://registry.npmjs.org/lru.min cache-miss
160 http fetch GET 200 https://registry.npmjs.org/foreground-child 558ms (cache miss)
161 silly packumentCache full:https://registry.npmjs.org/foreground-child set size:undefined disposed:false
162 silly fetch manifest seq-queue@^0.0.5
163 silly packumentCache full:https://registry.npmjs.org/seq-queue cache-miss
164 http fetch GET 200 https://registry.npmjs.org/valibot 563ms (cache miss)
165 silly packumentCache full:https://registry.npmjs.org/valibot set size:undefined disposed:false
166 silly fetch manifest sqlstring@^2.3.2
167 silly packumentCache full:https://registry.npmjs.org/sqlstring cache-miss
168 http fetch GET 200 https://registry.npmjs.org/http-status-codes 567ms (cache miss)
169 silly packumentCache full:https://registry.npmjs.org/http-status-codes set size:undefined disposed:false
170 silly fetch manifest iconv-lite@^0.7.0
171 silly packumentCache full:https://registry.npmjs.org/iconv-lite cache-miss
172 http fetch GET 200 https://registry.npmjs.org/hono 605ms (cache miss)
173 silly packumentCache full:https://registry.npmjs.org/hono set size:undefined disposed:false
174 silly fetch manifest aws-ssl-profiles@^1.1.1
175 silly packumentCache full:https://registry.npmjs.org/aws-ssl-profiles cache-miss
176 http fetch GET 200 https://registry.npmjs.org/@hono%2fnode-server 701ms (cache miss)
177 silly packumentCache full:https://registry.npmjs.org/@hono%2fnode-server set size:undefined disposed:false
178 silly fetch manifest generate-function@^2.3.1
179 silly packumentCache full:https://registry.npmjs.org/generate-function cache-miss
180 http fetch GET 200 https://registry.npmjs.org/chart.js 343ms (cache miss)
181 silly packumentCache full:https://registry.npmjs.org/chart.js set size:undefined disposed:false
182 silly fetch manifest named-placeholders@^1.1.3
183 silly packumentCache full:https://registry.npmjs.org/named-placeholders cache-miss
184 http fetch GET 200 https://registry.npmjs.org/csstype 313ms (cache miss)
185 silly packumentCache full:https://registry.npmjs.org/csstype set size:undefined disposed:false
186 http fetch GET 200 https://registry.npmjs.org/@electric-sql%2fpglite-tools 1111ms (cache miss)
187 silly packumentCache full:https://registry.npmjs.org/@electric-sql%2fpglite-tools set size:undefined disposed:false
188 http fetch GET 200 https://registry.npmjs.org/@prisma%2fstreams-local 1121ms (cache miss)
189 silly packumentCache full:https://registry.npmjs.org/@prisma%2fstreams-local set size:undefined disposed:false
190 http fetch GET 200 https://registry.npmjs.org/@electric-sql%2fpglite 1124ms (cache miss)
191 silly packumentCache full:https://registry.npmjs.org/@electric-sql%2fpglite set size:undefined disposed:false
192 http fetch GET 200 https://registry.npmjs.org/@electric-sql%2fpglite-socket 1152ms (cache miss)
193 silly packumentCache full:https://registry.npmjs.org/@electric-sql%2fpglite-socket set size:undefined disposed:false
194 http fetch GET 200 https://registry.npmjs.org/@prisma%2fquery-plan-executor 1353ms (cache miss)
195 silly packumentCache full:https://registry.npmjs.org/@prisma%2fquery-plan-executor set size:undefined disposed:false
196 http fetch GET 200 https://registry.npmjs.org/long 840ms (cache miss)
197 silly packumentCache full:https://registry.npmjs.org/long set size:undefined disposed:false
198 http fetch GET 200 https://registry.npmjs.org/remeda 1448ms (cache miss)
199 silly packumentCache full:https://registry.npmjs.org/remeda set size:undefined disposed:false
200 http fetch GET 200 https://registry.npmjs.org/denque 1076ms (cache miss)
201 silly packumentCache full:https://registry.npmjs.org/denque set size:undefined disposed:false
202 http fetch GET 200 https://registry.npmjs.org/iconv-lite 1237ms (cache miss)
203 silly packumentCache full:https://registry.npmjs.org/iconv-lite set size:undefined disposed:false
204 http fetch GET 200 https://registry.npmjs.org/lru.min 1335ms (cache miss)
205 silly packumentCache full:https://registry.npmjs.org/lru.min set size:undefined disposed:false
206 http fetch GET 200 https://registry.npmjs.org/seq-queue 1333ms (cache miss)
207 silly packumentCache full:https://registry.npmjs.org/seq-queue set size:undefined disposed:false
208 http fetch GET 200 https://registry.npmjs.org/scheduler 1492ms (cache miss)
209 silly packumentCache full:https://registry.npmjs.org/scheduler set size:undefined disposed:false
210 http fetch GET 200 https://registry.npmjs.org/sqlstring 1402ms (cache miss)
211 silly packumentCache full:https://registry.npmjs.org/sqlstring set size:undefined disposed:false
212 http fetch GET 200 https://registry.npmjs.org/@radix-ui%2freact-toggle 1664ms (cache miss)
213 silly packumentCache full:https://registry.npmjs.org/@radix-ui%2freact-toggle set size:undefined disposed:false
214 http fetch GET 200 https://registry.npmjs.org/aws-ssl-profiles 1386ms (cache miss)
215 silly packumentCache full:https://registry.npmjs.org/aws-ssl-profiles set size:undefined disposed:false
216 http fetch GET 200 https://registry.npmjs.org/generate-function 1410ms (cache miss)
217 silly packumentCache full:https://registry.npmjs.org/generate-function set size:undefined disposed:false
218 http fetch GET 200 https://registry.npmjs.org/named-placeholders 1424ms (cache miss)
219 silly packumentCache full:https://registry.npmjs.org/named-placeholders set size:undefined disposed:false
220 http fetch GET 200 https://registry.npmjs.org/@prisma%2fengines-version 3218ms (cache miss)
221 silly packumentCache full:https://registry.npmjs.org/@prisma%2fengines-version set size:undefined disposed:false
222 http fetch GET 200 https://registry.npmjs.org/@prisma%2ffetch-engine 4046ms (cache miss)
223 silly packumentCache full:https://registry.npmjs.org/@prisma%2ffetch-engine set size:undefined disposed:false
224 http fetch GET 200 https://registry.npmjs.org/@prisma%2fget-platform 4529ms (cache miss)
225 silly packumentCache full:https://registry.npmjs.org/@prisma%2fget-platform set size:undefined disposed:false
226 http fetch GET 200 https://registry.npmjs.org/@prisma%2fget-platform 4627ms (cache miss)
227 silly packumentCache full:https://registry.npmjs.org/@prisma%2fget-platform set size:undefined disposed:false
228 http fetch GET 200 https://registry.npmjs.org/@prisma%2fdebug 5401ms (cache miss)
229 silly packumentCache full:https://registry.npmjs.org/@prisma%2fdebug set size:undefined disposed:false
230 silly fetch manifest magicast@*
231 silly packumentCache full:https://registry.npmjs.org/magicast cache-miss
232 http fetch GET 200 https://registry.npmjs.org/magicast 317ms (cache miss)
233 silly packumentCache full:https://registry.npmjs.org/magicast set size:undefined disposed:false
234 silly placeDep ROOT c12@3.3.4 OK for: @prisma/config@7.8.0 want: 3.3.4
235 silly placeDep ROOT deepmerge-ts@7.1.5 OK for: @prisma/config@7.8.0 want: 7.1.5
236 silly placeDep ROOT effect@3.20.0 OK for: @prisma/config@7.8.0 want: 3.20.0
237 silly placeDep ROOT empathic@2.0.0 OK for: @prisma/config@7.8.0 want: 2.0.0
238 silly fetch manifest rc9@^3.0.1
239 silly packumentCache full:https://registry.npmjs.org/rc9 cache-miss
240 silly fetch manifest defu@^6.1.6
241 silly packumentCache full:https://registry.npmjs.org/defu cache-miss
242 silly fetch manifest jiti@^2.6.1
243 silly packumentCache full:https://registry.npmjs.org/jiti cache-miss
244 silly fetch manifest giget@^3.2.0
245 silly packumentCache full:https://registry.npmjs.org/giget cache-miss
246 silly fetch manifest ohash@^2.0.11
247 silly packumentCache full:https://registry.npmjs.org/ohash cache-miss
248 silly fetch manifest pathe@^2.0.3
249 silly packumentCache full:https://registry.npmjs.org/pathe cache-miss
250 silly fetch manifest dotenv@^17.3.1
251 silly packumentCache full:https://registry.npmjs.org/dotenv cache-miss
252 silly fetch manifest confbox@^0.2.4
253 silly packumentCache full:https://registry.npmjs.org/confbox cache-miss
254 silly fetch manifest exsolve@^1.0.8
255 silly packumentCache full:https://registry.npmjs.org/exsolve cache-miss
256 silly fetch manifest chokidar@^5.0.0
257 silly packumentCache full:https://registry.npmjs.org/chokidar cache-miss
258 silly fetch manifest pkg-types@^2.3.0
259 silly packumentCache full:https://registry.npmjs.org/pkg-types cache-miss
260 silly fetch manifest perfect-debounce@^2.1.0
261 silly packumentCache full:https://registry.npmjs.org/perfect-debounce cache-miss
262 silly fetch manifest fast-check@^3.23.1
263 silly packumentCache full:https://registry.npmjs.org/fast-check cache-miss
264 silly fetch manifest @standard-schema/spec@^1.0.0
265 silly packumentCache full:https://registry.npmjs.org/@standard-schema%2fspec cache-miss
266 http cache https://registry.npmjs.org/pathe 161ms (cache hit)
267 silly packumentCache full:https://registry.npmjs.org/pathe set size:68788 disposed:false
268 http fetch GET 200 https://registry.npmjs.org/dotenv 204ms (cache miss)
269 silly packumentCache full:https://registry.npmjs.org/dotenv set size:undefined disposed:false
270 http fetch GET 200 https://registry.npmjs.org/chokidar 211ms (cache miss)
271 silly packumentCache full:https://registry.npmjs.org/chokidar set size:undefined disposed:false
272 http fetch GET 200 https://registry.npmjs.org/jiti 220ms (cache miss)
273 silly packumentCache full:https://registry.npmjs.org/jiti set size:undefined disposed:false
274 http fetch GET 200 https://registry.npmjs.org/@standard-schema%2fspec 230ms (cache miss)
275 silly packumentCache full:https://registry.npmjs.org/@standard-schema%2fspec set size:undefined disposed:false
276 http fetch GET 200 https://registry.npmjs.org/fast-check 242ms (cache miss)
277 silly packumentCache full:https://registry.npmjs.org/fast-check set size:undefined disposed:false
278 http fetch GET 200 https://registry.npmjs.org/rc9 318ms (cache miss)
279 silly packumentCache full:https://registry.npmjs.org/rc9 set size:undefined disposed:false
280 http fetch GET 200 https://registry.npmjs.org/ohash 326ms (cache miss)
281 silly packumentCache full:https://registry.npmjs.org/ohash set size:undefined disposed:false
282 http fetch GET 200 https://registry.npmjs.org/confbox 326ms (cache miss)
283 silly packumentCache full:https://registry.npmjs.org/confbox set size:undefined disposed:false
284 http fetch GET 200 https://registry.npmjs.org/exsolve 328ms (cache miss)
285 silly packumentCache full:https://registry.npmjs.org/exsolve set size:undefined disposed:false
286 http fetch GET 200 https://registry.npmjs.org/defu 332ms (cache miss)
287 silly packumentCache full:https://registry.npmjs.org/defu set size:undefined disposed:false
288 http fetch GET 200 https://registry.npmjs.org/giget 343ms (cache miss)
289 silly packumentCache full:https://registry.npmjs.org/giget set size:undefined disposed:false
290 http fetch GET 200 https://registry.npmjs.org/pkg-types 343ms (cache miss)
291 silly packumentCache full:https://registry.npmjs.org/pkg-types set size:undefined disposed:false
292 http fetch GET 200 https://registry.npmjs.org/perfect-debounce 346ms (cache miss)
293 silly packumentCache full:https://registry.npmjs.org/perfect-debounce set size:undefined disposed:false
294 silly fetch manifest typescript@>=5
295 silly packumentCache full:https://registry.npmjs.org/typescript cache-miss
296 http cache https://registry.npmjs.org/typescript 86ms (cache hit)
297 silly packumentCache full:https://registry.npmjs.org/typescript set size:15409943 disposed:false
298 silly placeDep ROOT @electric-sql/pglite@0.4.1 OK for: @prisma/dev@0.24.3 want: 0.4.1
299 silly placeDep ROOT @electric-sql/pglite-socket@0.1.1 OK for: @prisma/dev@0.24.3 want: 0.1.1
300 silly placeDep ROOT @electric-sql/pglite-tools@0.3.1 OK for: @prisma/dev@0.24.3 want: 0.3.1
301 silly placeDep ROOT @hono/node-server@1.19.11 OK for: @prisma/dev@0.24.3 want: 1.19.11
302 silly placeDep ROOT hono@4.12.18 OK for: @hono/node-server@1.19.11 want: ^4
303 silly placeDep ROOT @prisma/get-platform@7.2.0 OK for: @prisma/dev@0.24.3 want: 7.2.0
304 silly placeDep ROOT @prisma/query-plan-executor@7.2.0 OK for: @prisma/dev@0.24.3 want: 7.2.0
305 silly placeDep ROOT @prisma/streams-local@0.1.2 OK for: @prisma/dev@0.24.3 want: 0.1.2
306 silly placeDep ROOT foreground-child@3.3.1 OK for: @prisma/dev@0.24.3 want: 3.3.1
307 silly placeDep ROOT get-port-please@3.2.0 OK for: @prisma/dev@0.24.3 want: 3.2.0
308 silly placeDep ROOT http-status-codes@2.3.0 OK for: @prisma/dev@0.24.3 want: 2.3.0
309 silly placeDep ROOT pathe@2.0.3 OK for: @prisma/dev@0.24.3 want: 2.0.3
310 silly placeDep ROOT proper-lockfile@4.1.2 OK for: @prisma/dev@0.24.3 want: 4.1.2
311 silly placeDep ROOT remeda@2.33.4 OK for: @prisma/dev@0.24.3 want: 2.33.4
312 silly placeDep ROOT std-env@3.10.0 OK for: @prisma/dev@0.24.3 want: 3.10.0
313 silly placeDep ROOT valibot@1.2.0 OK for: @prisma/dev@0.24.3 want: 1.2.0
314 silly placeDep ROOT zeptomatch@2.1.0 OK for: @prisma/dev@0.24.3 want: 2.1.0
315 silly fetch manifest @prisma/debug@7.2.0
316 silly packumentCache full:https://registry.npmjs.org/@prisma%2fdebug cache-miss
317 silly fetch manifest ajv@^8.12.0
318 silly packumentCache full:https://registry.npmjs.org/ajv cache-miss
319 silly fetch manifest env-paths@^3.0.0
320 silly packumentCache full:https://registry.npmjs.org/env-paths cache-miss
321 silly fetch manifest better-result@^2.7.0
322 silly packumentCache full:https://registry.npmjs.org/better-result cache-miss
323 silly fetch manifest proper-lockfile@^4.1.2
324 silly packumentCache full:https://registry.npmjs.org/proper-lockfile cache-miss
325 silly fetch manifest cross-spawn@^7.0.6
326 silly packumentCache full:https://registry.npmjs.org/cross-spawn cache-miss
327 silly fetch manifest signal-exit@^4.0.1
328 silly packumentCache full:https://registry.npmjs.org/signal-exit cache-miss
329 silly fetch manifest graceful-fs@^4.2.4
330 silly packumentCache full:https://registry.npmjs.org/graceful-fs cache-miss
331 silly fetch manifest retry@^0.12.0
332 silly packumentCache full:https://registry.npmjs.org/retry cache-miss
333 silly fetch manifest signal-exit@^3.0.2
334 silly packumentCache full:https://registry.npmjs.org/signal-exit cache-miss
335 silly fetch manifest grammex@^3.1.11
336 silly packumentCache full:https://registry.npmjs.org/grammex cache-miss
337 silly fetch manifest graphmatch@^1.1.0
338 silly packumentCache full:https://registry.npmjs.org/graphmatch cache-miss
339 http cache https://registry.npmjs.org/proper-lockfile 20ms (cache hit)
340 silly packumentCache full:https://registry.npmjs.org/proper-lockfile set size:82421 disposed:false
341 http cache https://registry.npmjs.org/@prisma%2fdebug 98ms (cache hit)
342 silly packumentCache full:https://registry.npmjs.org/@prisma%2fdebug set size:28700336 disposed:false
343 http fetch GET 200 https://registry.npmjs.org/retry 501ms (cache miss)
344 silly packumentCache full:https://registry.npmjs.org/retry set size:undefined disposed:false
345 http fetch GET 200 https://registry.npmjs.org/graphmatch 502ms (cache miss)
346 silly packumentCache full:https://registry.npmjs.org/graphmatch set size:undefined disposed:false
347 http fetch GET 200 https://registry.npmjs.org/signal-exit 504ms (cache miss)
348 silly packumentCache full:https://registry.npmjs.org/signal-exit set size:undefined disposed:false
349 http fetch GET 200 https://registry.npmjs.org/grammex 506ms (cache miss)
350 silly packumentCache full:https://registry.npmjs.org/grammex set size:undefined disposed:false
351 http fetch GET 200 https://registry.npmjs.org/signal-exit 508ms (cache miss)
352 silly packumentCache full:https://registry.npmjs.org/signal-exit set size:undefined disposed:false
353 http fetch GET 200 https://registry.npmjs.org/env-paths 511ms (cache miss)
354 silly packumentCache full:https://registry.npmjs.org/env-paths set size:undefined disposed:false
355 http fetch GET 200 https://registry.npmjs.org/cross-spawn 512ms (cache miss)
356 silly packumentCache full:https://registry.npmjs.org/cross-spawn set size:undefined disposed:false
357 http fetch GET 200 https://registry.npmjs.org/better-result 515ms (cache miss)
358 silly packumentCache full:https://registry.npmjs.org/better-result set size:undefined disposed:false
359 http fetch GET 200 https://registry.npmjs.org/graceful-fs 518ms (cache miss)
360 silly packumentCache full:https://registry.npmjs.org/graceful-fs set size:undefined disposed:false
361 http fetch GET 200 https://registry.npmjs.org/ajv 534ms (cache miss)
362 silly packumentCache full:https://registry.npmjs.org/ajv set size:undefined disposed:false
363 silly placeDep ROOT @prisma/debug@7.8.0 OK for: @prisma/engines@7.8.0 want: 7.8.0
364 silly placeDep ROOT @prisma/engines-version@7.8.0-6.3c6e192761c0362d496ed980de936e2f3cebcd3a OK for: @prisma/engines@7.8.0 want: 7.8.0-6.3c6e192761c0362d496ed980de936e2f3cebcd3a
365 silly placeDep ROOT @prisma/fetch-engine@7.8.0 OK for: @prisma/engines@7.8.0 want: 7.8.0
366 silly placeDep node_modules/@prisma/engines @prisma/get-platform@7.8.0 OK for: @prisma/engines@7.8.0 want: 7.8.0
367 silly placeDep node_modules/@prisma/fetch-engine @prisma/get-platform@7.8.0 OK for: @prisma/fetch-engine@7.8.0 want: 7.8.0
368 silly placeDep node_modules/@prisma/get-platform @prisma/debug@7.2.0 OK for: @prisma/get-platform@7.2.0 want: 7.2.0
369 silly placeDep ROOT ajv@8.20.0 OK for: @prisma/streams-local@0.1.2 want: ^8.12.0
370 silly placeDep ROOT better-result@2.9.2 OK for: @prisma/streams-local@0.1.2 want: ^2.7.0
371 silly placeDep ROOT env-paths@3.0.0 OK for: @prisma/streams-local@0.1.2 want: ^3.0.0
372 silly fetch manifest fast-deep-equal@^3.1.3
373 silly packumentCache full:https://registry.npmjs.org/fast-deep-equal cache-miss
374 silly fetch manifest fast-uri@^3.0.1
375 silly packumentCache full:https://registry.npmjs.org/fast-uri cache-miss
376 silly fetch manifest json-schema-traverse@^1.0.0
377 silly packumentCache full:https://registry.npmjs.org/json-schema-traverse cache-miss
378 silly fetch manifest require-from-string@^2.0.2
379 silly packumentCache full:https://registry.npmjs.org/require-from-string cache-miss
380 http fetch GET 200 https://registry.npmjs.org/require-from-string 143ms (cache miss)
381 silly packumentCache full:https://registry.npmjs.org/require-from-string set size:undefined disposed:false
382 http fetch GET 200 https://registry.npmjs.org/fast-uri 146ms (cache miss)
383 silly packumentCache full:https://registry.npmjs.org/fast-uri set size:undefined disposed:false
384 http fetch GET 200 https://registry.npmjs.org/fast-deep-equal 153ms (cache miss)
385 silly packumentCache full:https://registry.npmjs.org/fast-deep-equal set size:undefined disposed:false
386 http fetch GET 200 https://registry.npmjs.org/json-schema-traverse 315ms (cache miss)
387 silly packumentCache full:https://registry.npmjs.org/json-schema-traverse set size:undefined disposed:false
388 silly fetch manifest @types/react-dom@*
389 silly packumentCache full:https://registry.npmjs.org/@types%2freact-dom cache-miss
390 http fetch GET 200 https://registry.npmjs.org/@types%2freact-dom 383ms (cache miss)
391 silly packumentCache full:https://registry.npmjs.org/@types%2freact-dom set size:undefined disposed:false
392 silly placeDep ROOT @radix-ui/react-toggle@1.1.10 OK for: @prisma/studio-core@0.27.3 want: 1.1.10
393 silly placeDep ROOT chart.js@4.5.1 OK for: @prisma/studio-core@0.27.3 want: 4.5.1
394 silly fetch manifest @radix-ui/primitive@1.1.3
395 silly packumentCache full:https://registry.npmjs.org/@radix-ui%2fprimitive cache-miss
396 silly fetch manifest @radix-ui/react-primitive@2.1.3
397 silly packumentCache full:https://registry.npmjs.org/@radix-ui%2freact-primitive cache-miss
398 silly fetch manifest @radix-ui/react-use-controllable-state@1.2.2
399 silly packumentCache full:https://registry.npmjs.org/@radix-ui%2freact-use-controllable-state cache-miss
400 silly fetch manifest @kurkle/color@^0.3.0
401 silly packumentCache full:https://registry.npmjs.org/@kurkle%2fcolor cache-miss
402 http fetch GET 200 https://registry.npmjs.org/@kurkle%2fcolor 547ms (cache miss)
403 silly packumentCache full:https://registry.npmjs.org/@kurkle%2fcolor set size:undefined disposed:false
404 http fetch GET 200 https://registry.npmjs.org/@radix-ui%2fprimitive 550ms (cache miss)
405 silly packumentCache full:https://registry.npmjs.org/@radix-ui%2fprimitive set size:undefined disposed:false
406 http fetch GET 200 https://registry.npmjs.org/@radix-ui%2freact-use-controllable-state 581ms (cache miss)
407 silly packumentCache full:https://registry.npmjs.org/@radix-ui%2freact-use-controllable-state set size:undefined disposed:false
408 http fetch GET 200 https://registry.npmjs.org/@radix-ui%2freact-primitive 590ms (cache miss)
409 silly packumentCache full:https://registry.npmjs.org/@radix-ui%2freact-primitive set size:undefined disposed:false
410 silly fetch manifest @types/react@*
411 silly packumentCache full:https://registry.npmjs.org/@types%2freact cache-miss
412 http cache https://registry.npmjs.org/@types%2freact 19ms (cache hit)
413 silly packumentCache full:https://registry.npmjs.org/@types%2freact set size:2588964 disposed:false
414 silly fetch manifest react@^16.8 || ^17.0 || ^18.0 || ^19.0 || ^19.0.0-rc
415 silly packumentCache full:https://registry.npmjs.org/react cache-miss
416 http cache https://registry.npmjs.org/react 25ms (cache hit)
417 silly packumentCache full:https://registry.npmjs.org/react set size:6650647 disposed:false
418 silly fetch manifest react-dom@^16.8 || ^17.0 || ^18.0 || ^19.0 || ^19.0.0-rc
419 silly packumentCache full:https://registry.npmjs.org/react-dom cache-miss
420 http cache https://registry.npmjs.org/react-dom 33ms (cache hit)
421 silly packumentCache full:https://registry.npmjs.org/react-dom set size:8868827 disposed:false
422 silly placeDep ROOT @radix-ui/primitive@1.1.3 OK for: @radix-ui/react-toggle@1.1.10 want: 1.1.3
423 silly placeDep ROOT @radix-ui/react-primitive@2.1.3 OK for: @radix-ui/react-toggle@1.1.10 want: 2.1.3
424 silly placeDep ROOT @radix-ui/react-use-controllable-state@1.2.2 OK for: @radix-ui/react-toggle@1.1.10 want: 1.2.2
425 silly fetch manifest @radix-ui/react-slot@1.2.3
426 silly packumentCache full:https://registry.npmjs.org/@radix-ui%2freact-slot cache-miss
427 silly fetch manifest @radix-ui/react-use-effect-event@0.0.2
428 silly packumentCache full:https://registry.npmjs.org/@radix-ui%2freact-use-effect-event cache-miss
429 silly fetch manifest @radix-ui/react-use-layout-effect@1.1.1
430 silly packumentCache full:https://registry.npmjs.org/@radix-ui%2freact-use-layout-effect cache-miss
431 http fetch GET 200 https://registry.npmjs.org/@radix-ui%2freact-use-layout-effect 566ms (cache miss)
432 silly packumentCache full:https://registry.npmjs.org/@radix-ui%2freact-use-layout-effect set size:undefined disposed:false
433 http fetch GET 200 https://registry.npmjs.org/@radix-ui%2freact-slot 571ms (cache miss)
434 silly packumentCache full:https://registry.npmjs.org/@radix-ui%2freact-slot set size:undefined disposed:false
435 http fetch GET 200 https://registry.npmjs.org/@radix-ui%2freact-use-effect-event 881ms (cache miss)
436 silly packumentCache full:https://registry.npmjs.org/@radix-ui%2freact-use-effect-event set size:undefined disposed:false
437 silly placeDep ROOT @radix-ui/react-slot@1.2.3 OK for: @radix-ui/react-primitive@2.1.3 want: 1.2.3
438 silly fetch manifest @radix-ui/react-compose-refs@1.1.2
439 silly packumentCache full:https://registry.npmjs.org/@radix-ui%2freact-compose-refs cache-miss
440 http fetch GET 200 https://registry.npmjs.org/@radix-ui%2freact-compose-refs 567ms (cache miss)
441 silly packumentCache full:https://registry.npmjs.org/@radix-ui%2freact-compose-refs set size:undefined disposed:false
442 silly placeDep ROOT @radix-ui/react-compose-refs@1.1.2 OK for: @radix-ui/react-slot@1.2.3 want: 1.1.2
443 silly placeDep ROOT @radix-ui/react-use-effect-event@0.0.2 OK for: @radix-ui/react-use-controllable-state@1.2.2 want: 0.0.2
444 silly placeDep ROOT @radix-ui/react-use-layout-effect@1.1.1 OK for: @radix-ui/react-use-controllable-state@1.2.2 want: 1.1.1
445 silly placeDep ROOT csstype@3.2.3 OK for: @types/react@19.2.14 want: ^3.2.2
446 silly placeDep ROOT fast-deep-equal@3.1.3 OK for: ajv@8.20.0 want: ^3.1.3
447 silly placeDep ROOT fast-uri@3.1.2 OK for: ajv@8.20.0 want: ^3.0.1
448 silly placeDep ROOT json-schema-traverse@1.0.0 OK for: ajv@8.20.0 want: ^1.0.0
449 silly placeDep ROOT require-from-string@2.0.2 OK for: ajv@8.20.0 want: ^2.0.2
450 silly placeDep ROOT chokidar@5.0.0 OK for: c12@3.3.4 want: ^5.0.0
451 silly placeDep ROOT confbox@0.2.4 OK for: c12@3.3.4 want: ^0.2.4
452 silly placeDep ROOT defu@6.1.7 OK for: c12@3.3.4 want: ^6.1.6
453 silly placeDep ROOT dotenv@17.4.2 OK for: c12@3.3.4 want: ^17.3.1
454 silly placeDep ROOT exsolve@1.0.8 OK for: c12@3.3.4 want: ^1.0.8
455 silly placeDep ROOT giget@3.2.0 OK for: c12@3.3.4 want: ^3.2.0
456 silly placeDep ROOT jiti@2.7.0 OK for: c12@3.3.4 want: ^2.6.1
457 silly placeDep ROOT ohash@2.0.11 OK for: c12@3.3.4 want: ^2.0.11
458 silly placeDep ROOT perfect-debounce@2.1.0 OK for: c12@3.3.4 want: ^2.1.0
459 silly placeDep ROOT pkg-types@2.3.1 OK for: c12@3.3.4 want: ^2.3.0
460 silly placeDep ROOT rc9@3.0.1 OK for: c12@3.3.4 want: ^3.0.1
461 silly fetch manifest readdirp@^5.0.0
462 silly packumentCache full:https://registry.npmjs.org/readdirp cache-miss
463 silly fetch manifest destr@^2.0.5
464 silly packumentCache full:https://registry.npmjs.org/destr cache-miss
465 http fetch GET 200 https://registry.npmjs.org/readdirp 320ms (cache miss)
466 silly packumentCache full:https://registry.npmjs.org/readdirp set size:undefined disposed:false
467 http fetch GET 200 https://registry.npmjs.org/destr 324ms (cache miss)
468 silly packumentCache full:https://registry.npmjs.org/destr set size:undefined disposed:false
469 silly placeDep ROOT @kurkle/color@0.3.4 OK for: chart.js@4.5.1 want: ^0.3.0
470 silly placeDep ROOT readdirp@5.0.0 OK for: chokidar@5.0.0 want: ^5.0.0
471 silly placeDep ROOT @standard-schema/spec@1.1.0 OK for: effect@3.20.0 want: ^1.0.0
472 silly placeDep ROOT fast-check@3.23.2 OK for: effect@3.20.0 want: ^3.23.1
473 silly fetch manifest pure-rand@^6.1.0
474 silly packumentCache full:https://registry.npmjs.org/pure-rand cache-miss
475 http fetch GET 200 https://registry.npmjs.org/pure-rand 174ms (cache miss)
476 silly packumentCache full:https://registry.npmjs.org/pure-rand set size:undefined disposed:false
477 silly placeDep ROOT pure-rand@6.1.0 OK for: fast-check@3.23.2 want: ^6.1.0
478 silly placeDep ROOT cross-spawn@7.0.6 OK for: foreground-child@3.3.1 want: ^7.0.6
479 silly placeDep ROOT signal-exit@4.1.0 OK for: foreground-child@3.3.1 want: ^4.0.1
480 silly fetch manifest which@^2.0.1
481 silly packumentCache full:https://registry.npmjs.org/which cache-miss
482 silly fetch manifest path-key@^3.1.0
483 silly packumentCache full:https://registry.npmjs.org/path-key cache-miss
484 silly fetch manifest shebang-command@^2.0.0
485 silly packumentCache full:https://registry.npmjs.org/shebang-command cache-miss
486 http fetch GET 200 https://registry.npmjs.org/path-key 139ms (cache miss)
487 silly packumentCache full:https://registry.npmjs.org/path-key set size:undefined disposed:false
488 http fetch GET 200 https://registry.npmjs.org/shebang-command 145ms (cache miss)
489 silly packumentCache full:https://registry.npmjs.org/shebang-command set size:undefined disposed:false
490 http fetch GET 200 https://registry.npmjs.org/which 150ms (cache miss)
491 silly packumentCache full:https://registry.npmjs.org/which set size:undefined disposed:false
492 silly placeDep ROOT path-key@3.1.1 OK for: cross-spawn@7.0.6 want: ^3.1.0
493 silly placeDep ROOT shebang-command@2.0.0 OK for: cross-spawn@7.0.6 want: ^2.0.0
494 silly placeDep ROOT which@2.0.2 OK for: cross-spawn@7.0.6 want: ^2.0.1
495 silly fetch manifest shebang-regex@^3.0.0
496 silly packumentCache full:https://registry.npmjs.org/shebang-regex cache-miss
497 silly fetch manifest isexe@^2.0.0
498 silly packumentCache full:https://registry.npmjs.org/isexe cache-miss
499 http fetch GET 200 https://registry.npmjs.org/shebang-regex 142ms (cache miss)
500 silly packumentCache full:https://registry.npmjs.org/shebang-regex set size:undefined disposed:false
501 http fetch GET 200 https://registry.npmjs.org/isexe 143ms (cache miss)
502 silly packumentCache full:https://registry.npmjs.org/isexe set size:undefined disposed:false
503 silly placeDep ROOT aws-ssl-profiles@1.1.2 OK for: mysql2@3.15.3 want: ^1.1.1
504 silly placeDep ROOT denque@2.1.0 OK for: mysql2@3.15.3 want: ^2.1.0
505 silly placeDep ROOT generate-function@2.3.1 OK for: mysql2@3.15.3 want: ^2.3.1
506 silly placeDep ROOT iconv-lite@0.7.2 OK for: mysql2@3.15.3 want: ^0.7.0
507 silly placeDep ROOT long@5.3.2 OK for: mysql2@3.15.3 want: ^5.2.1
508 silly placeDep ROOT lru.min@1.1.4 OK for: mysql2@3.15.3 want: ^1.0.0
509 silly placeDep ROOT named-placeholders@1.1.6 OK for: mysql2@3.15.3 want: ^1.1.3
510 silly placeDep ROOT seq-queue@0.0.5 OK for: mysql2@3.15.3 want: ^0.0.5
511 silly placeDep ROOT sqlstring@2.3.3 OK for: mysql2@3.15.3 want: ^2.3.2
512 silly fetch manifest is-property@^1.0.2
513 silly packumentCache full:https://registry.npmjs.org/is-property cache-miss
514 silly fetch manifest safer-buffer@>= 2.1.2 < 3.0.0
515 silly packumentCache full:https://registry.npmjs.org/safer-buffer cache-miss
516 http fetch GET 200 https://registry.npmjs.org/is-property 307ms (cache miss)
517 silly packumentCache full:https://registry.npmjs.org/is-property set size:undefined disposed:false
518 http fetch GET 200 https://registry.npmjs.org/safer-buffer 310ms (cache miss)
519 silly packumentCache full:https://registry.npmjs.org/safer-buffer set size:undefined disposed:false
520 silly placeDep ROOT is-property@1.0.2 OK for: generate-function@2.3.1 want: ^1.0.2
521 silly placeDep ROOT safer-buffer@2.1.2 OK for: iconv-lite@0.7.2 want: >= 2.1.2 < 3.0.0
522 silly placeDep ROOT graceful-fs@4.2.11 OK for: proper-lockfile@4.1.2 want: ^4.2.4
523 silly placeDep ROOT retry@0.12.0 OK for: proper-lockfile@4.1.2 want: ^0.12.0
524 silly placeDep node_modules/proper-lockfile signal-exit@3.0.7 OK for: proper-lockfile@4.1.2 want: ^3.0.2
525 silly placeDep ROOT destr@2.0.5 OK for: rc9@3.0.1 want: ^2.0.5
526 silly placeDep ROOT scheduler@0.27.0 OK for: react-dom@19.2.6 want: ^0.27.0
527 silly placeDep ROOT shebang-regex@3.0.0 OK for: shebang-command@2.0.0 want: ^3.0.0
528 silly placeDep ROOT isexe@2.0.0 OK for: which@2.0.2 want: ^2.0.0
529 silly placeDep ROOT grammex@3.1.12 OK for: zeptomatch@2.1.0 want: ^3.1.11
530 silly placeDep ROOT graphmatch@1.1.1 OK for: zeptomatch@2.1.0 want: ^1.1.0
531 silly reify moves {}
532 silly audit bulk request {
532 silly audit   prisma: [ '7.8.0' ],
532 silly audit   '@prisma/config': [ '7.8.0' ],
532 silly audit   '@prisma/dev': [ '0.24.3' ],
532 silly audit   '@prisma/engines': [ '7.8.0' ],
532 silly audit   '@prisma/studio-core': [ '0.27.3' ],
532 silly audit   '@types/react': [ '19.2.14' ],
532 silly audit   react: [ '19.2.6' ],
532 silly audit   'react-dom': [ '19.2.6' ],
532 silly audit   mysql2: [ '3.15.3' ],
532 silly audit   postgres: [ '3.4.7' ],
532 silly audit   c12: [ '3.3.4' ],
532 silly audit   'deepmerge-ts': [ '7.1.5' ],
532 silly audit   effect: [ '3.20.0' ],
532 silly audit   empathic: [ '2.0.0' ],
532 silly audit   '@electric-sql/pglite': [ '0.4.1' ],
532 silly audit   '@electric-sql/pglite-socket': [ '0.1.1' ],
532 silly audit   '@electric-sql/pglite-tools': [ '0.3.1' ],
532 silly audit   '@hono/node-server': [ '1.19.11' ],
532 silly audit   hono: [ '4.12.18' ],
532 silly audit   '@prisma/get-platform': [ '7.2.0', '7.8.0' ],
532 silly audit   '@prisma/query-plan-executor': [ '7.2.0' ],
532 silly audit   '@prisma/streams-local': [ '0.1.2' ],
532 silly audit   'foreground-child': [ '3.3.1' ],
532 silly audit   'get-port-please': [ '3.2.0' ],
532 silly audit   'http-status-codes': [ '2.3.0' ],
532 silly audit   pathe: [ '2.0.3' ],
532 silly audit   'proper-lockfile': [ '4.1.2' ],
532 silly audit   remeda: [ '2.33.4' ],
532 silly audit   'std-env': [ '3.10.0' ],
532 silly audit   valibot: [ '1.2.0' ],
532 silly audit   zeptomatch: [ '2.1.0' ],
532 silly audit   '@prisma/debug': [ '7.8.0', '7.2.0' ],
532 silly audit   '@prisma/engines-version': [ '7.8.0-6.3c6e192761c0362d496ed980de936e2f3cebcd3a' ],
532 silly audit   '@prisma/fetch-engine': [ '7.8.0' ],
532 silly audit   ajv: [ '8.20.0' ],
532 silly audit   'better-result': [ '2.9.2' ],
532 silly audit   'env-paths': [ '3.0.0' ],
532 silly audit   '@radix-ui/react-toggle': [ '1.1.10' ],
532 silly audit   'chart.js': [ '4.5.1' ],
532 silly audit   '@radix-ui/primitive': [ '1.1.3' ],
532 silly audit   '@radix-ui/react-primitive': [ '2.1.3' ],
532 silly audit   '@radix-ui/react-use-controllable-state': [ '1.2.2' ],
532 silly audit   '@radix-ui/react-slot': [ '1.2.3' ],
532 silly audit   '@radix-ui/react-compose-refs': [ '1.1.2' ],
532 silly audit   '@radix-ui/react-use-effect-event': [ '0.0.2' ],
532 silly audit   '@radix-ui/react-use-layout-effect': [ '1.1.1' ],
532 silly audit   csstype: [ '3.2.3' ],
532 silly audit   'fast-deep-equal': [ '3.1.3' ],
532 silly audit   'fast-uri': [ '3.1.2' ],
532 silly audit   'json-schema-traverse': [ '1.0.0' ],
532 silly audit   'require-from-string': [ '2.0.2' ],
532 silly audit   chokidar: [ '5.0.0' ],
532 silly audit   confbox: [ '0.2.4' ],
532 silly audit   defu: [ '6.1.7' ],
532 silly audit   dotenv: [ '17.4.2' ],
532 silly audit   exsolve: [ '1.0.8' ],
532 silly audit   giget: [ '3.2.0' ],
532 silly audit   jiti: [ '2.7.0' ],
532 silly audit   ohash: [ '2.0.11' ],
532 silly audit   'perfect-debounce': [ '2.1.0' ],
532 silly audit   'pkg-types': [ '2.3.1' ],
532 silly audit   rc9: [ '3.0.1' ],
532 silly audit   '@kurkle/color': [ '0.3.4' ],
532 silly audit   readdirp: [ '5.0.0' ],
532 silly audit   '@standard-schema/spec': [ '1.1.0' ],
532 silly audit   'fast-check': [ '3.23.2' ],
532 silly audit   'pure-rand': [ '6.1.0' ],
532 silly audit   'cross-spawn': [ '7.0.6' ],
532 silly audit   'signal-exit': [ '4.1.0', '3.0.7' ],
532 silly audit   'path-key': [ '3.1.1' ],
532 silly audit   'shebang-command': [ '2.0.0' ],
532 silly audit   which: [ '2.0.2' ],
532 silly audit   'aws-ssl-profiles': [ '1.1.2' ],
532 silly audit   denque: [ '2.1.0' ],
532 silly audit   'generate-function': [ '2.3.1' ],
532 silly audit   'iconv-lite': [ '0.7.2' ],
532 silly audit   long: [ '5.3.2' ],
532 silly audit   'lru.min': [ '1.1.4' ],
532 silly audit   'named-placeholders': [ '1.1.6' ],
532 silly audit   'seq-queue': [ '0.0.5' ],
532 silly audit   sqlstring: [ '2.3.3' ],
532 silly audit   'is-property': [ '1.0.2' ],
532 silly audit   'safer-buffer': [ '2.1.2' ],
532 silly audit   'graceful-fs': [ '4.2.11' ],
532 silly audit   retry: [ '0.12.0' ],
532 silly audit   destr: [ '2.0.5' ],
532 silly audit   scheduler: [ '0.27.0' ],
532 silly audit   'shebang-regex': [ '3.0.0' ],
532 silly audit   isexe: [ '2.0.0' ],
532 silly audit   grammex: [ '3.1.12' ],
532 silly audit   graphmatch: [ '1.1.1' ]
532 silly audit }
533 http cache graphmatch@https://registry.npmjs.org/graphmatch/-/graphmatch-1.1.1.tgz 0ms (cache hit)
534 http cache grammex@https://registry.npmjs.org/grammex/-/grammex-3.1.12.tgz 0ms (cache hit)
535 http cache isexe@https://registry.npmjs.org/isexe/-/isexe-2.0.0.tgz 0ms (cache hit)
536 http cache shebang-regex@https://registry.npmjs.org/shebang-regex/-/shebang-regex-3.0.0.tgz 0ms (cache hit)
537 http cache scheduler@https://registry.npmjs.org/scheduler/-/scheduler-0.27.0.tgz 0ms (cache hit)
538 http cache destr@https://registry.npmjs.org/destr/-/destr-2.0.5.tgz 0ms (cache hit)
539 http cache retry@https://registry.npmjs.org/retry/-/retry-0.12.0.tgz 0ms (cache hit)
540 http cache graceful-fs@https://registry.npmjs.org/graceful-fs/-/graceful-fs-4.2.11.tgz 0ms (cache hit)
541 http cache safer-buffer@https://registry.npmjs.org/safer-buffer/-/safer-buffer-2.1.2.tgz 0ms (cache hit)
542 http cache is-property@https://registry.npmjs.org/is-property/-/is-property-1.0.2.tgz 0ms (cache hit)
543 http cache seq-queue@https://registry.npmjs.org/seq-queue/-/seq-queue-0.0.5.tgz 0ms (cache hit)
544 http cache named-placeholders@https://registry.npmjs.org/named-placeholders/-/named-placeholders-1.1.6.tgz 0ms (cache hit)
545 http cache sqlstring@https://registry.npmjs.org/sqlstring/-/sqlstring-2.3.3.tgz 0ms (cache hit)
546 http cache lru.min@https://registry.npmjs.org/lru.min/-/lru.min-1.1.4.tgz 0ms (cache hit)
547 http cache long@https://registry.npmjs.org/long/-/long-5.3.2.tgz 0ms (cache hit)
548 http cache aws-ssl-profiles@https://registry.npmjs.org/aws-ssl-profiles/-/aws-ssl-profiles-1.1.2.tgz 0ms (cache hit)
549 http cache generate-function@https://registry.npmjs.org/generate-function/-/generate-function-2.3.1.tgz 0ms (cache hit)
550 http cache iconv-lite@https://registry.npmjs.org/iconv-lite/-/iconv-lite-0.7.2.tgz 0ms (cache hit)
551 http cache denque@https://registry.npmjs.org/denque/-/denque-2.1.0.tgz 0ms (cache hit)
552 http cache which@https://registry.npmjs.org/which/-/which-2.0.2.tgz 0ms (cache hit)
553 http cache shebang-command@https://registry.npmjs.org/shebang-command/-/shebang-command-2.0.0.tgz 0ms (cache hit)
554 http cache path-key@https://registry.npmjs.org/path-key/-/path-key-3.1.1.tgz 0ms (cache hit)
555 http cache cross-spawn@https://registry.npmjs.org/cross-spawn/-/cross-spawn-7.0.6.tgz 0ms (cache hit)
556 http cache @standard-schema/spec@https://registry.npmjs.org/@standard-schema/spec/-/spec-1.1.0.tgz 0ms (cache hit)
557 http cache signal-exit@https://registry.npmjs.org/signal-exit/-/signal-exit-4.1.0.tgz 0ms (cache hit)
558 http cache pure-rand@https://registry.npmjs.org/pure-rand/-/pure-rand-6.1.0.tgz 0ms (cache hit)
559 http cache @kurkle/color@https://registry.npmjs.org/@kurkle/color/-/color-0.3.4.tgz 0ms (cache hit)
560 http cache fast-check@https://registry.npmjs.org/fast-check/-/fast-check-3.23.2.tgz 1ms (cache hit)
561 http cache readdirp@https://registry.npmjs.org/readdirp/-/readdirp-5.0.0.tgz 0ms (cache hit)
562 http cache pkg-types@https://registry.npmjs.org/pkg-types/-/pkg-types-2.3.1.tgz 0ms (cache hit)
563 http cache rc9@https://registry.npmjs.org/rc9/-/rc9-3.0.1.tgz 0ms (cache hit)
564 http cache perfect-debounce@https://registry.npmjs.org/perfect-debounce/-/perfect-debounce-2.1.0.tgz 0ms (cache hit)
565 http cache ohash@https://registry.npmjs.org/ohash/-/ohash-2.0.11.tgz 0ms (cache hit)
566 http cache jiti@https://registry.npmjs.org/jiti/-/jiti-2.7.0.tgz 0ms (cache hit)
567 http cache giget@https://registry.npmjs.org/giget/-/giget-3.2.0.tgz 0ms (cache hit)
568 http cache exsolve@https://registry.npmjs.org/exsolve/-/exsolve-1.0.8.tgz 0ms (cache hit)
569 http cache defu@https://registry.npmjs.org/defu/-/defu-6.1.7.tgz 0ms (cache hit)
570 http cache dotenv@https://registry.npmjs.org/dotenv/-/dotenv-17.4.2.tgz 0ms (cache hit)
571 http cache confbox@https://registry.npmjs.org/confbox/-/confbox-0.2.4.tgz 0ms (cache hit)
572 http cache chokidar@https://registry.npmjs.org/chokidar/-/chokidar-5.0.0.tgz 0ms (cache hit)
573 http cache require-from-string@https://registry.npmjs.org/require-from-string/-/require-from-string-2.0.2.tgz 0ms (cache hit)
574 http cache json-schema-traverse@https://registry.npmjs.org/json-schema-traverse/-/json-schema-traverse-1.0.0.tgz 0ms (cache hit)
575 http cache fast-deep-equal@https://registry.npmjs.org/fast-deep-equal/-/fast-deep-equal-3.1.3.tgz 0ms (cache hit)
576 http cache fast-uri@https://registry.npmjs.org/fast-uri/-/fast-uri-3.1.2.tgz 0ms (cache hit)
577 http cache csstype@https://registry.npmjs.org/csstype/-/csstype-3.2.3.tgz 0ms (cache hit)
578 http cache @radix-ui/react-use-effect-event@https://registry.npmjs.org/@radix-ui/react-use-effect-event/-/react-use-effect-event-0.0.2.tgz 0ms (cache hit)
579 http cache @radix-ui/react-use-layout-effect@https://registry.npmjs.org/@radix-ui/react-use-layout-effect/-/react-use-layout-effect-1.1.1.tgz 0ms (cache hit)
580 http cache @radix-ui/react-slot@https://registry.npmjs.org/@radix-ui/react-slot/-/react-slot-1.2.3.tgz 0ms (cache hit)
581 http cache @radix-ui/react-compose-refs@https://registry.npmjs.org/@radix-ui/react-compose-refs/-/react-compose-refs-1.1.2.tgz 0ms (cache hit)
582 http cache chart.js@https://registry.npmjs.org/chart.js/-/chart.js-4.5.1.tgz 0ms (cache hit)
583 http cache env-paths@https://registry.npmjs.org/env-paths/-/env-paths-3.0.0.tgz 0ms (cache hit)
584 http cache @radix-ui/react-use-controllable-state@https://registry.npmjs.org/@radix-ui/react-use-controllable-state/-/react-use-controllable-state-1.2.2.tgz 0ms (cache hit)
585 http cache better-result@https://registry.npmjs.org/better-result/-/better-result-2.9.2.tgz 0ms (cache hit)
586 http cache ajv@https://registry.npmjs.org/ajv/-/ajv-8.20.0.tgz 0ms (cache hit)
587 http cache @prisma/fetch-engine@https://registry.npmjs.org/@prisma/fetch-engine/-/fetch-engine-7.8.0.tgz 0ms (cache hit)
588 http cache @radix-ui/react-primitive@https://registry.npmjs.org/@radix-ui/react-primitive/-/react-primitive-2.1.3.tgz 0ms (cache hit)
589 http cache @prisma/engines-version@https://registry.npmjs.org/@prisma/engines-version/-/engines-version-7.8.0-6.3c6e192761c0362d496ed980de936e2f3cebcd3a.tgz 0ms (cache hit)
590 http cache @radix-ui/primitive@https://registry.npmjs.org/@radix-ui/primitive/-/primitive-1.1.3.tgz 0ms (cache hit)
591 http cache @radix-ui/react-toggle@https://registry.npmjs.org/@radix-ui/react-toggle/-/react-toggle-1.1.10.tgz 0ms (cache hit)
592 http cache @prisma/debug@https://registry.npmjs.org/@prisma/debug/-/debug-7.8.0.tgz 0ms (cache hit)
593 http cache remeda@https://registry.npmjs.org/remeda/-/remeda-2.33.4.tgz 0ms (cache hit)
594 http cache valibot@https://registry.npmjs.org/valibot/-/valibot-1.2.0.tgz 0ms (cache hit)
595 http cache zeptomatch@https://registry.npmjs.org/zeptomatch/-/zeptomatch-2.1.0.tgz 0ms (cache hit)
596 http cache std-env@https://registry.npmjs.org/std-env/-/std-env-3.10.0.tgz 0ms (cache hit)
597 http cache proper-lockfile@https://registry.npmjs.org/proper-lockfile/-/proper-lockfile-4.1.2.tgz 0ms (cache hit)
598 http cache pathe@https://registry.npmjs.org/pathe/-/pathe-2.0.3.tgz 0ms (cache hit)
599 http cache @prisma/streams-local@https://registry.npmjs.org/@prisma/streams-local/-/streams-local-0.1.2.tgz 0ms (cache hit)
600 http cache http-status-codes@https://registry.npmjs.org/http-status-codes/-/http-status-codes-2.3.0.tgz 0ms (cache hit)
601 http cache get-port-please@https://registry.npmjs.org/get-port-please/-/get-port-please-3.2.0.tgz 0ms (cache hit)
602 http cache @prisma/query-plan-executor@https://registry.npmjs.org/@prisma/query-plan-executor/-/query-plan-executor-7.2.0.tgz 0ms (cache hit)
603 http cache @prisma/get-platform@https://registry.npmjs.org/@prisma/get-platform/-/get-platform-7.2.0.tgz 0ms (cache hit)
604 http cache @electric-sql/pglite-tools@https://registry.npmjs.org/@electric-sql/pglite-tools/-/pglite-tools-0.3.1.tgz 0ms (cache hit)
605 http cache @electric-sql/pglite-socket@https://registry.npmjs.org/@electric-sql/pglite-socket/-/pglite-socket-0.1.1.tgz 0ms (cache hit)
606 http cache @hono/node-server@https://registry.npmjs.org/@hono/node-server/-/node-server-1.19.11.tgz 0ms (cache hit)
607 http cache @electric-sql/pglite@https://registry.npmjs.org/@electric-sql/pglite/-/pglite-0.4.1.tgz 0ms (cache hit)
608 http cache foreground-child@https://registry.npmjs.org/foreground-child/-/foreground-child-3.3.1.tgz 0ms (cache hit)
609 http cache hono@https://registry.npmjs.org/hono/-/hono-4.12.18.tgz 0ms (cache hit)
610 http cache empathic@https://registry.npmjs.org/empathic/-/empathic-2.0.0.tgz 0ms (cache hit)
611 http cache deepmerge-ts@https://registry.npmjs.org/deepmerge-ts/-/deepmerge-ts-7.1.5.tgz 0ms (cache hit)
612 http cache effect@https://registry.npmjs.org/effect/-/effect-3.20.0.tgz 0ms (cache hit)
613 http cache c12@https://registry.npmjs.org/c12/-/c12-3.3.4.tgz 0ms (cache hit)
614 http cache postgres@https://registry.npmjs.org/postgres/-/postgres-3.4.7.tgz 0ms (cache hit)
615 http cache mysql2@https://registry.npmjs.org/mysql2/-/mysql2-3.15.3.tgz 0ms (cache hit)
616 http cache @prisma/engines@https://registry.npmjs.org/@prisma/engines/-/engines-7.8.0.tgz 0ms (cache hit)
617 http cache @prisma/studio-core@https://registry.npmjs.org/@prisma/studio-core/-/studio-core-0.27.3.tgz 0ms (cache hit)
618 http cache react-dom@https://registry.npmjs.org/react-dom/-/react-dom-19.2.6.tgz 0ms (cache hit)
619 http cache react@https://registry.npmjs.org/react/-/react-19.2.6.tgz 0ms (cache hit)
620 http cache prisma@https://registry.npmjs.org/prisma/-/prisma-7.8.0.tgz 0ms (cache hit)
621 http cache @types/react@https://registry.npmjs.org/@types/react/-/react-19.2.14.tgz 0ms (cache hit)
622 http cache @prisma/debug@https://registry.npmjs.org/@prisma/debug/-/debug-7.2.0.tgz 0ms (cache hit)
623 http cache signal-exit@https://registry.npmjs.org/signal-exit/-/signal-exit-3.0.7.tgz 0ms (cache hit)
624 http cache @prisma/get-platform@https://registry.npmjs.org/@prisma/get-platform/-/get-platform-7.8.0.tgz 0ms (cache hit)
625 http cache @prisma/get-platform@https://registry.npmjs.org/@prisma/get-platform/-/get-platform-7.8.0.tgz 0ms (cache hit)
626 silly tarball no local data for graphmatch@https://registry.npmjs.org/graphmatch/-/graphmatch-1.1.1.tgz. Extracting by manifest.
627 silly tarball no local data for grammex@https://registry.npmjs.org/grammex/-/grammex-3.1.12.tgz. Extracting by manifest.
628 silly tarball no local data for isexe@https://registry.npmjs.org/isexe/-/isexe-2.0.0.tgz. Extracting by manifest.
629 silly tarball no local data for shebang-regex@https://registry.npmjs.org/shebang-regex/-/shebang-regex-3.0.0.tgz. Extracting by manifest.
630 silly tarball no local data for scheduler@https://registry.npmjs.org/scheduler/-/scheduler-0.27.0.tgz. Extracting by manifest.
631 silly tarball no local data for destr@https://registry.npmjs.org/destr/-/destr-2.0.5.tgz. Extracting by manifest.
632 silly tarball no local data for retry@https://registry.npmjs.org/retry/-/retry-0.12.0.tgz. Extracting by manifest.
633 silly tarball no local data for graceful-fs@https://registry.npmjs.org/graceful-fs/-/graceful-fs-4.2.11.tgz. Extracting by manifest.
634 http cache @prisma/dev@https://registry.npmjs.org/@prisma/dev/-/dev-0.24.3.tgz 0ms (cache hit)
635 silly tarball no local data for safer-buffer@https://registry.npmjs.org/safer-buffer/-/safer-buffer-2.1.2.tgz. Extracting by manifest.
636 silly tarball no local data for is-property@https://registry.npmjs.org/is-property/-/is-property-1.0.2.tgz. Extracting by manifest.
637 silly tarball no local data for seq-queue@https://registry.npmjs.org/seq-queue/-/seq-queue-0.0.5.tgz. Extracting by manifest.
638 silly tarball no local data for named-placeholders@https://registry.npmjs.org/named-placeholders/-/named-placeholders-1.1.6.tgz. Extracting by manifest.
639 silly tarball no local data for sqlstring@https://registry.npmjs.org/sqlstring/-/sqlstring-2.3.3.tgz. Extracting by manifest.
640 silly tarball no local data for lru.min@https://registry.npmjs.org/lru.min/-/lru.min-1.1.4.tgz. Extracting by manifest.
641 http cache @prisma/config@https://registry.npmjs.org/@prisma/config/-/config-7.8.0.tgz 0ms (cache hit)
642 silly tarball no local data for long@https://registry.npmjs.org/long/-/long-5.3.2.tgz. Extracting by manifest.
643 silly tarball no local data for aws-ssl-profiles@https://registry.npmjs.org/aws-ssl-profiles/-/aws-ssl-profiles-1.1.2.tgz. Extracting by manifest.
644 silly tarball no local data for generate-function@https://registry.npmjs.org/generate-function/-/generate-function-2.3.1.tgz. Extracting by manifest.
645 silly tarball no local data for iconv-lite@https://registry.npmjs.org/iconv-lite/-/iconv-lite-0.7.2.tgz. Extracting by manifest.
646 silly tarball no local data for denque@https://registry.npmjs.org/denque/-/denque-2.1.0.tgz. Extracting by manifest.
647 silly tarball no local data for which@https://registry.npmjs.org/which/-/which-2.0.2.tgz. Extracting by manifest.
648 silly tarball no local data for shebang-command@https://registry.npmjs.org/shebang-command/-/shebang-command-2.0.0.tgz. Extracting by manifest.
649 silly tarball no local data for path-key@https://registry.npmjs.org/path-key/-/path-key-3.1.1.tgz. Extracting by manifest.
650 silly tarball no local data for cross-spawn@https://registry.npmjs.org/cross-spawn/-/cross-spawn-7.0.6.tgz. Extracting by manifest.
651 silly tarball no local data for @standard-schema/spec@https://registry.npmjs.org/@standard-schema/spec/-/spec-1.1.0.tgz. Extracting by manifest.
652 silly tarball no local data for signal-exit@https://registry.npmjs.org/signal-exit/-/signal-exit-4.1.0.tgz. Extracting by manifest.
653 silly tarball no local data for pure-rand@https://registry.npmjs.org/pure-rand/-/pure-rand-6.1.0.tgz. Extracting by manifest.
654 silly tarball no local data for @kurkle/color@https://registry.npmjs.org/@kurkle/color/-/color-0.3.4.tgz. Extracting by manifest.
655 silly tarball no local data for fast-check@https://registry.npmjs.org/fast-check/-/fast-check-3.23.2.tgz. Extracting by manifest.
656 silly tarball no local data for readdirp@https://registry.npmjs.org/readdirp/-/readdirp-5.0.0.tgz. Extracting by manifest.
657 silly tarball no local data for pkg-types@https://registry.npmjs.org/pkg-types/-/pkg-types-2.3.1.tgz. Extracting by manifest.
658 silly tarball no local data for rc9@https://registry.npmjs.org/rc9/-/rc9-3.0.1.tgz. Extracting by manifest.
659 silly tarball no local data for perfect-debounce@https://registry.npmjs.org/perfect-debounce/-/perfect-debounce-2.1.0.tgz. Extracting by manifest.
660 silly tarball no local data for ohash@https://registry.npmjs.org/ohash/-/ohash-2.0.11.tgz. Extracting by manifest.
661 silly tarball no local data for jiti@https://registry.npmjs.org/jiti/-/jiti-2.7.0.tgz. Extracting by manifest.
662 silly tarball no local data for giget@https://registry.npmjs.org/giget/-/giget-3.2.0.tgz. Extracting by manifest.
663 silly tarball no local data for exsolve@https://registry.npmjs.org/exsolve/-/exsolve-1.0.8.tgz. Extracting by manifest.
664 silly tarball no local data for defu@https://registry.npmjs.org/defu/-/defu-6.1.7.tgz. Extracting by manifest.
665 silly tarball no local data for dotenv@https://registry.npmjs.org/dotenv/-/dotenv-17.4.2.tgz. Extracting by manifest.
666 silly tarball no local data for confbox@https://registry.npmjs.org/confbox/-/confbox-0.2.4.tgz. Extracting by manifest.
667 silly tarball no local data for chokidar@https://registry.npmjs.org/chokidar/-/chokidar-5.0.0.tgz. Extracting by manifest.
668 silly tarball no local data for require-from-string@https://registry.npmjs.org/require-from-string/-/require-from-string-2.0.2.tgz. Extracting by manifest.
669 silly tarball no local data for json-schema-traverse@https://registry.npmjs.org/json-schema-traverse/-/json-schema-traverse-1.0.0.tgz. Extracting by manifest.
670 silly tarball no local data for fast-deep-equal@https://registry.npmjs.org/fast-deep-equal/-/fast-deep-equal-3.1.3.tgz. Extracting by manifest.
671 silly tarball no local data for fast-uri@https://registry.npmjs.org/fast-uri/-/fast-uri-3.1.2.tgz. Extracting by manifest.
672 silly tarball no local data for csstype@https://registry.npmjs.org/csstype/-/csstype-3.2.3.tgz. Extracting by manifest.
673 silly tarball no local data for @radix-ui/react-use-effect-event@https://registry.npmjs.org/@radix-ui/react-use-effect-event/-/react-use-effect-event-0.0.2.tgz. Extracting by manifest.
674 silly tarball no local data for @radix-ui/react-use-layout-effect@https://registry.npmjs.org/@radix-ui/react-use-layout-effect/-/react-use-layout-effect-1.1.1.tgz. Extracting by manifest.
675 silly tarball no local data for @radix-ui/react-slot@https://registry.npmjs.org/@radix-ui/react-slot/-/react-slot-1.2.3.tgz. Extracting by manifest.
676 silly tarball no local data for @radix-ui/react-compose-refs@https://registry.npmjs.org/@radix-ui/react-compose-refs/-/react-compose-refs-1.1.2.tgz. Extracting by manifest.
677 silly tarball no local data for chart.js@https://registry.npmjs.org/chart.js/-/chart.js-4.5.1.tgz. Extracting by manifest.
678 silly tarball no local data for env-paths@https://registry.npmjs.org/env-paths/-/env-paths-3.0.0.tgz. Extracting by manifest.
679 silly tarball no local data for @radix-ui/react-use-controllable-state@https://registry.npmjs.org/@radix-ui/react-use-controllable-state/-/react-use-controllable-state-1.2.2.tgz. Extracting by manifest.
680 silly tarball no local data for better-result@https://registry.npmjs.org/better-result/-/better-result-2.9.2.tgz. Extracting by manifest.
681 silly tarball no local data for ajv@https://registry.npmjs.org/ajv/-/ajv-8.20.0.tgz. Extracting by manifest.
682 silly tarball no local data for @prisma/fetch-engine@https://registry.npmjs.org/@prisma/fetch-engine/-/fetch-engine-7.8.0.tgz. Extracting by manifest.
683 silly tarball no local data for @radix-ui/react-primitive@https://registry.npmjs.org/@radix-ui/react-primitive/-/react-primitive-2.1.3.tgz. Extracting by manifest.
684 silly tarball no local data for @prisma/engines-version@https://registry.npmjs.org/@prisma/engines-version/-/engines-version-7.8.0-6.3c6e192761c0362d496ed980de936e2f3cebcd3a.tgz. Extracting by manifest.
685 silly tarball no local data for @radix-ui/primitive@https://registry.npmjs.org/@radix-ui/primitive/-/primitive-1.1.3.tgz. Extracting by manifest.
686 silly tarball no local data for @radix-ui/react-toggle@https://registry.npmjs.org/@radix-ui/react-toggle/-/react-toggle-1.1.10.tgz. Extracting by manifest.
687 silly tarball no local data for @prisma/debug@https://registry.npmjs.org/@prisma/debug/-/debug-7.8.0.tgz. Extracting by manifest.
688 silly tarball no local data for remeda@https://registry.npmjs.org/remeda/-/remeda-2.33.4.tgz. Extracting by manifest.
689 silly tarball no local data for valibot@https://registry.npmjs.org/valibot/-/valibot-1.2.0.tgz. Extracting by manifest.
690 silly tarball no local data for zeptomatch@https://registry.npmjs.org/zeptomatch/-/zeptomatch-2.1.0.tgz. Extracting by manifest.
691 silly tarball no local data for std-env@https://registry.npmjs.org/std-env/-/std-env-3.10.0.tgz. Extracting by manifest.
692 silly tarball no local data for proper-lockfile@https://registry.npmjs.org/proper-lockfile/-/proper-lockfile-4.1.2.tgz. Extracting by manifest.
693 silly tarball no local data for pathe@https://registry.npmjs.org/pathe/-/pathe-2.0.3.tgz. Extracting by manifest.
694 silly tarball no local data for @prisma/streams-local@https://registry.npmjs.org/@prisma/streams-local/-/streams-local-0.1.2.tgz. Extracting by manifest.
695 silly tarball no local data for http-status-codes@https://registry.npmjs.org/http-status-codes/-/http-status-codes-2.3.0.tgz. Extracting by manifest.
696 silly tarball no local data for get-port-please@https://registry.npmjs.org/get-port-please/-/get-port-please-3.2.0.tgz. Extracting by manifest.
697 silly tarball no local data for @prisma/query-plan-executor@https://registry.npmjs.org/@prisma/query-plan-executor/-/query-plan-executor-7.2.0.tgz. Extracting by manifest.
698 silly tarball no local data for @prisma/get-platform@https://registry.npmjs.org/@prisma/get-platform/-/get-platform-7.2.0.tgz. Extracting by manifest.
699 silly tarball no local data for @electric-sql/pglite-tools@https://registry.npmjs.org/@electric-sql/pglite-tools/-/pglite-tools-0.3.1.tgz. Extracting by manifest.
700 silly tarball no local data for @electric-sql/pglite-socket@https://registry.npmjs.org/@electric-sql/pglite-socket/-/pglite-socket-0.1.1.tgz. Extracting by manifest.
701 silly tarball no local data for @hono/node-server@https://registry.npmjs.org/@hono/node-server/-/node-server-1.19.11.tgz. Extracting by manifest.
702 silly tarball no local data for @electric-sql/pglite@https://registry.npmjs.org/@electric-sql/pglite/-/pglite-0.4.1.tgz. Extracting by manifest.
703 silly tarball no local data for foreground-child@https://registry.npmjs.org/foreground-child/-/foreground-child-3.3.1.tgz. Extracting by manifest.
704 silly tarball no local data for hono@https://registry.npmjs.org/hono/-/hono-4.12.18.tgz. Extracting by manifest.
705 silly tarball no local data for empathic@https://registry.npmjs.org/empathic/-/empathic-2.0.0.tgz. Extracting by manifest.
706 silly tarball no local data for deepmerge-ts@https://registry.npmjs.org/deepmerge-ts/-/deepmerge-ts-7.1.5.tgz. Extracting by manifest.
707 silly tarball no local data for effect@https://registry.npmjs.org/effect/-/effect-3.20.0.tgz. Extracting by manifest.
708 silly tarball no local data for c12@https://registry.npmjs.org/c12/-/c12-3.3.4.tgz. Extracting by manifest.
709 silly tarball no local data for postgres@https://registry.npmjs.org/postgres/-/postgres-3.4.7.tgz. Extracting by manifest.
710 silly tarball no local data for mysql2@https://registry.npmjs.org/mysql2/-/mysql2-3.15.3.tgz. Extracting by manifest.
711 silly tarball no local data for @prisma/engines@https://registry.npmjs.org/@prisma/engines/-/engines-7.8.0.tgz. Extracting by manifest.
712 silly tarball no local data for @prisma/studio-core@https://registry.npmjs.org/@prisma/studio-core/-/studio-core-0.27.3.tgz. Extracting by manifest.
713 silly tarball no local data for react-dom@https://registry.npmjs.org/react-dom/-/react-dom-19.2.6.tgz. Extracting by manifest.
714 silly tarball no local data for react@https://registry.npmjs.org/react/-/react-19.2.6.tgz. Extracting by manifest.
715 silly tarball no local data for prisma@https://registry.npmjs.org/prisma/-/prisma-7.8.0.tgz. Extracting by manifest.
716 silly tarball no local data for @types/react@https://registry.npmjs.org/@types/react/-/react-19.2.14.tgz. Extracting by manifest.
717 silly tarball no local data for @prisma/debug@https://registry.npmjs.org/@prisma/debug/-/debug-7.2.0.tgz. Extracting by manifest.
718 silly tarball no local data for signal-exit@https://registry.npmjs.org/signal-exit/-/signal-exit-3.0.7.tgz. Extracting by manifest.
719 silly tarball no local data for @prisma/get-platform@https://registry.npmjs.org/@prisma/get-platform/-/get-platform-7.8.0.tgz. Extracting by manifest.
720 silly tarball no local data for @prisma/get-platform@https://registry.npmjs.org/@prisma/get-platform/-/get-platform-7.8.0.tgz. Extracting by manifest.
721 silly tarball no local data for @prisma/dev@https://registry.npmjs.org/@prisma/dev/-/dev-0.24.3.tgz. Extracting by manifest.
722 silly tarball no local data for @prisma/config@https://registry.npmjs.org/@prisma/config/-/config-7.8.0.tgz. Extracting by manifest.
723 http fetch GET 200 https://registry.npmjs.org/graphmatch/-/graphmatch-1.1.1.tgz 234ms (cache miss)
724 http fetch GET 200 https://registry.npmjs.org/graceful-fs/-/graceful-fs-4.2.11.tgz 237ms (cache miss)
725 http fetch GET 200 https://registry.npmjs.org/isexe/-/isexe-2.0.0.tgz 241ms (cache miss)
726 http fetch GET 200 https://registry.npmjs.org/grammex/-/grammex-3.1.12.tgz 243ms (cache miss)
727 http fetch GET 200 https://registry.npmjs.org/shebang-regex/-/shebang-regex-3.0.0.tgz 243ms (cache miss)
728 http fetch GET 200 https://registry.npmjs.org/named-placeholders/-/named-placeholders-1.1.6.tgz 239ms (cache miss)
729 http fetch GET 200 https://registry.npmjs.org/destr/-/destr-2.0.5.tgz 247ms (cache miss)
730 http fetch GET 200 https://registry.npmjs.org/is-property/-/is-property-1.0.2.tgz 246ms (cache miss)
731 http fetch GET 200 https://registry.npmjs.org/seq-queue/-/seq-queue-0.0.5.tgz 249ms (cache miss)
732 http fetch GET 200 https://registry.npmjs.org/safer-buffer/-/safer-buffer-2.1.2.tgz 251ms (cache miss)
733 http fetch POST 200 https://registry.npmjs.org/-/npm/v1/security/advisories/bulk 325ms
734 silly audit report {
734 silly audit report   '@hono/node-server': [
734 silly audit report     {
734 silly audit report       id: 1116281,
734 silly audit report       url: 'https://github.com/advisories/GHSA-92pp-h63x-v22m',
734 silly audit report       title: '@hono/node-server: Middleware bypass via repeated slashes in serveStatic',
734 silly audit report       severity: 'moderate',
734 silly audit report       vulnerable_versions: '<1.19.13',
734 silly audit report       cwe: [Array],
734 silly audit report       cvss: [Object]
734 silly audit report     }
734 silly audit report   ]
734 silly audit report }
735 silly packumentCache corgi:https://registry.npmjs.org/@hono%2fnode-server cache-miss
736 http fetch GET 200 https://registry.npmjs.org/sqlstring/-/sqlstring-2.3.3.tgz 264ms (cache miss)
737 http fetch GET 200 https://registry.npmjs.org/lru.min/-/lru.min-1.1.4.tgz 297ms (cache miss)
738 http fetch GET 200 https://registry.npmjs.org/retry/-/retry-0.12.0.tgz 360ms (cache miss)
739 http fetch GET 200 https://registry.npmjs.org/generate-function/-/generate-function-2.3.1.tgz 381ms (cache miss)
740 http fetch GET 200 https://registry.npmjs.org/which/-/which-2.0.2.tgz 383ms (cache miss)
741 http fetch GET 200 https://registry.npmjs.org/shebang-command/-/shebang-command-2.0.0.tgz 398ms (cache miss)
742 http fetch GET 200 https://registry.npmjs.org/path-key/-/path-key-3.1.1.tgz 401ms (cache miss)
743 http fetch GET 200 https://registry.npmjs.org/scheduler/-/scheduler-0.27.0.tgz 413ms (cache miss)
744 http fetch GET 200 https://registry.npmjs.org/long/-/long-5.3.2.tgz 408ms (cache miss)
745 http fetch GET 200 https://registry.npmjs.org/denque/-/denque-2.1.0.tgz 424ms (cache miss)
746 http fetch GET 200 https://registry.npmjs.org/readdirp/-/readdirp-5.0.0.tgz 420ms (cache miss)
747 http fetch GET 200 https://registry.npmjs.org/cross-spawn/-/cross-spawn-7.0.6.tgz 426ms (cache miss)
748 http fetch GET 200 https://registry.npmjs.org/aws-ssl-profiles/-/aws-ssl-profiles-1.1.2.tgz 472ms (cache miss)
749 http fetch GET 200 https://registry.npmjs.org/rc9/-/rc9-3.0.1.tgz 520ms (cache miss)
750 http fetch GET 200 https://registry.npmjs.org/perfect-debounce/-/perfect-debounce-2.1.0.tgz 532ms (cache miss)
751 http fetch GET 200 https://registry.npmjs.org/pkg-types/-/pkg-types-2.3.1.tgz 567ms (cache miss)
752 http fetch GET 200 https://registry.npmjs.org/defu/-/defu-6.1.7.tgz 592ms (cache miss)
753 http fetch GET 200 https://registry.npmjs.org/exsolve/-/exsolve-1.0.8.tgz 592ms (cache miss)
754 http fetch GET 200 https://registry.npmjs.org/chokidar/-/chokidar-5.0.0.tgz 623ms (cache miss)
755 http fetch GET 200 https://registry.npmjs.org/require-from-string/-/require-from-string-2.0.2.tgz 634ms (cache miss)
756 http fetch GET 200 https://registry.npmjs.org/giget/-/giget-3.2.0.tgz 662ms (cache miss)
757 http fetch GET 200 https://registry.npmjs.org/json-schema-traverse/-/json-schema-traverse-1.0.0.tgz 683ms (cache miss)
758 http fetch GET 200 https://registry.npmjs.org/fast-deep-equal/-/fast-deep-equal-3.1.3.tgz 701ms (cache miss)
759 http fetch GET 200 https://registry.npmjs.org/@kurkle/color/-/color-0.3.4.tgz 710ms (cache miss)
760 http fetch GET 200 https://registry.npmjs.org/@standard-schema/spec/-/spec-1.1.0.tgz 714ms (cache miss)
761 http fetch GET 200 https://registry.npmjs.org/dotenv/-/dotenv-17.4.2.tgz 722ms (cache miss)
762 http fetch GET 200 https://registry.npmjs.org/signal-exit/-/signal-exit-4.1.0.tgz 737ms (cache miss)
763 http fetch GET 200 https://registry.npmjs.org/iconv-lite/-/iconv-lite-0.7.2.tgz 744ms (cache miss)
764 http fetch GET 200 https://registry.npmjs.org/ohash/-/ohash-2.0.11.tgz 781ms (cache miss)
765 http fetch GET 200 https://registry.npmjs.org/env-paths/-/env-paths-3.0.0.tgz 780ms (cache miss)
766 http fetch GET 200 https://registry.npmjs.org/confbox/-/confbox-0.2.4.tgz 870ms (cache miss)
767 http fetch GET 200 https://registry.npmjs.org/jiti/-/jiti-2.7.0.tgz 889ms (cache miss)
768 http fetch GET 200 https://registry.npmjs.org/csstype/-/csstype-3.2.3.tgz 895ms (cache miss)
769 http fetch GET 200 https://registry.npmjs.org/better-result/-/better-result-2.9.2.tgz 901ms (cache miss)
770 http fetch GET 200 https://registry.npmjs.org/@radix-ui/react-use-effect-event/-/react-use-effect-event-0.0.2.tgz 972ms (cache miss)
771 http fetch GET 200 https://registry.npmjs.org/@radix-ui/react-compose-refs/-/react-compose-refs-1.1.2.tgz 974ms (cache miss)
772 http fetch GET 200 https://registry.npmjs.org/@radix-ui/react-use-layout-effect/-/react-use-layout-effect-1.1.1.tgz 980ms (cache miss)
773 http fetch GET 200 https://registry.npmjs.org/@radix-ui/react-slot/-/react-slot-1.2.3.tgz 981ms (cache miss)
774 http fetch GET 200 https://registry.npmjs.org/fast-uri/-/fast-uri-3.1.2.tgz 1028ms (cache miss)
775 http fetch GET 200 https://registry.npmjs.org/pure-rand/-/pure-rand-6.1.0.tgz 1103ms (cache miss)
776 http fetch GET 200 https://registry.npmjs.org/@prisma/engines-version/-/engines-version-7.8.0-6.3c6e192761c0362d496ed980de936e2f3cebcd3a.tgz 1152ms (cache miss)
777 http fetch GET 200 https://registry.npmjs.org/@radix-ui/react-primitive/-/react-primitive-2.1.3.tgz 1153ms (cache miss)
778 http fetch GET 200 https://registry.npmjs.org/@radix-ui/primitive/-/primitive-1.1.3.tgz 1277ms (cache miss)
779 http fetch GET 200 https://registry.npmjs.org/@radix-ui/react-use-controllable-state/-/react-use-controllable-state-1.2.2.tgz 1399ms (cache miss)
780 http fetch GET 200 https://registry.npmjs.org/zeptomatch/-/zeptomatch-2.1.0.tgz 1406ms (cache miss)
781 http fetch GET 200 https://registry.npmjs.org/std-env/-/std-env-3.10.0.tgz 1406ms (cache miss)
782 http fetch GET 200 https://registry.npmjs.org/empathic/-/empathic-2.0.0.tgz 1454ms (cache miss)
783 http fetch GET 200 https://registry.npmjs.org/@radix-ui/react-toggle/-/react-toggle-1.1.10.tgz 1468ms (cache miss)
784 http fetch GET 200 https://registry.npmjs.org/@prisma/debug/-/debug-7.8.0.tgz 1950ms (cache miss)
785 http fetch GET 200 https://registry.npmjs.org/proper-lockfile/-/proper-lockfile-4.1.2.tgz 1951ms (cache miss)
786 http fetch GET 200 https://registry.npmjs.org/get-port-please/-/get-port-please-3.2.0.tgz 2038ms (cache miss)
787 http fetch GET 200 https://registry.npmjs.org/deepmerge-ts/-/deepmerge-ts-7.1.5.tgz 2138ms (cache miss)
788 http fetch GET 200 https://registry.npmjs.org/c12/-/c12-3.3.4.tgz 2146ms (cache miss)
789 http fetch GET 200 https://registry.npmjs.org/pathe/-/pathe-2.0.3.tgz 2227ms (cache miss)
790 http fetch GET 200 https://registry.npmjs.org/@prisma/engines/-/engines-7.8.0.tgz 2284ms (cache miss)
791 http fetch GET 200 https://registry.npmjs.org/signal-exit/-/signal-exit-3.0.7.tgz 2600ms (cache miss)
792 http fetch GET 200 https://registry.npmjs.org/valibot/-/valibot-1.2.0.tgz 2699ms (cache miss)
793 http fetch GET 200 https://registry.npmjs.org/http-status-codes/-/http-status-codes-2.3.0.tgz 2739ms (cache miss)
794 http fetch GET 200 https://registry.npmjs.org/react/-/react-19.2.6.tgz 2893ms (cache miss)
795 http fetch GET 200 https://registry.npmjs.org/@prisma/fetch-engine/-/fetch-engine-7.8.0.tgz 2951ms (cache miss)
796 http fetch GET 200 https://registry.npmjs.org/@prisma/debug/-/debug-7.2.0.tgz 2932ms (cache miss)
797 http fetch GET 200 https://registry.npmjs.org/foreground-child/-/foreground-child-3.3.1.tgz 2976ms (cache miss)
798 http fetch GET 200 https://registry.npmjs.org/@prisma/streams-local/-/streams-local-0.1.2.tgz 3040ms (cache miss)
799 http fetch GET 200 https://registry.npmjs.org/@prisma/config/-/config-7.8.0.tgz 3020ms (cache miss)
800 http fetch GET 200 https://registry.npmjs.org/@electric-sql/pglite-socket/-/pglite-socket-0.1.1.tgz 3053ms (cache miss)
801 http fetch GET 200 https://registry.npmjs.org/@hono%2fnode-server 2898ms (cache miss)
802 silly packumentCache corgi:https://registry.npmjs.org/@hono%2fnode-server set size:undefined disposed:false
803 silly packumentCache corgi:https://registry.npmjs.org/@prisma%2fdev cache-miss
804 http fetch GET 200 https://registry.npmjs.org/@types/react/-/react-19.2.14.tgz 3438ms (cache miss)
805 http fetch GET 200 https://registry.npmjs.org/postgres/-/postgres-3.4.7.tgz 3470ms (cache miss)
806 http fetch GET 200 https://registry.npmjs.org/@prisma/get-platform/-/get-platform-7.2.0.tgz 3629ms (cache miss)
807 http fetch GET 200 https://registry.npmjs.org/@hono/node-server/-/node-server-1.19.11.tgz 3805ms (cache miss)
808 http fetch GET 200 https://registry.npmjs.org/@electric-sql/pglite-tools/-/pglite-tools-0.3.1.tgz 3832ms (cache miss)
809 http fetch GET 200 https://registry.npmjs.org/@prisma/get-platform/-/get-platform-7.8.0.tgz 4005ms (cache miss)
810 http fetch GET 200 https://registry.npmjs.org/@prisma/query-plan-executor/-/query-plan-executor-7.2.0.tgz 4142ms (cache miss)
811 http fetch GET 200 https://registry.npmjs.org/@prisma/get-platform/-/get-platform-7.8.0.tgz 4189ms (cache miss)
812 http fetch GET 200 https://registry.npmjs.org/@prisma%2fdev 961ms (cache miss)
813 silly packumentCache corgi:https://registry.npmjs.org/@prisma%2fdev set size:undefined disposed:false
814 silly packumentCache corgi:https://registry.npmjs.org/prisma cache-miss
815 http cache https://registry.npmjs.org/prisma 95ms (cache hit)
816 silly packumentCache corgi:https://registry.npmjs.org/prisma set size:22807338 disposed:false
817 http fetch GET 200 https://registry.npmjs.org/mysql2/-/mysql2-3.15.3.tgz 5782ms (cache miss)
818 http fetch GET 200 https://registry.npmjs.org/chart.js/-/chart.js-4.5.1.tgz 6191ms (cache miss)
819 http fetch GET 200 https://registry.npmjs.org/react-dom/-/react-dom-19.2.6.tgz 6241ms (cache miss)
820 http fetch GET 200 https://registry.npmjs.org/@prisma/dev/-/dev-0.24.3.tgz 7206ms (cache miss)
821 http fetch GET 200 https://registry.npmjs.org/ajv/-/ajv-8.20.0.tgz 8607ms (cache miss)
822 http fetch GET 200 https://registry.npmjs.org/@prisma/studio-core/-/studio-core-0.27.3.tgz 9490ms (cache miss)
823 http fetch GET 200 https://registry.npmjs.org/prisma/-/prisma-7.8.0.tgz 10023ms (cache miss)
824 http fetch GET 200 https://registry.npmjs.org/hono/-/hono-4.12.18.tgz 10293ms (cache miss)
825 http fetch GET 200 https://registry.npmjs.org/@electric-sql/pglite/-/pglite-0.4.1.tgz 10365ms (cache miss)
826 http fetch GET 200 https://registry.npmjs.org/remeda/-/remeda-2.33.4.tgz 10375ms (cache miss)
827 http fetch GET 200 https://registry.npmjs.org/fast-check/-/fast-check-3.23.2.tgz 10778ms (cache miss)
828 http fetch GET 200 https://registry.npmjs.org/effect/-/effect-3.20.0.tgz 25016ms (cache miss)
829 info run prisma@7.8.0 preinstall node_modules/prisma node scripts/preinstall-entry.js
830 info run prisma@7.8.0 preinstall { code: 0, signal: null }
831 info run @prisma/engines@7.8.0 postinstall node_modules/@prisma/engines node scripts/postinstall.js
832 info run @prisma/engines@7.8.0 postinstall { code: 0, signal: null }
833 verbose cwd C:\Users\ANAM1503\Desktop\sigam_vite
834 verbose os Windows_NT 10.0.20348
835 verbose node v22.18.0
836 verbose npm  v10.9.3
837 notice
837 notice New major version of npm available! 10.9.3 -> 11.14.1
837 notice Changelog: https://github.com/npm/cli/releases/tag/v11.14.1
837 notice To update run: npm install -g npm@11.14.1
837 notice  { force: true, [Symbol(proc-log.meta)]: true }
838 verbose exit 1
839 verbose code 1
