0 verbose cli C:\Program Files\nodejs\node.exe C:\Program Files\nodejs\node_modules\npm\bin\npm-cli.js
1 info using npm@10.9.3
2 info using node@v22.18.0
3 silly config load:file:C:\Program Files\nodejs\node_modules\npm\npmrc
4 silly config load:file:C:\Users\ANAM1503\Desktop\sigam_vite\.npmrc
5 silly config load:file:C:\Users\ANAM1503\.npmrc
6 silly config load:file:C:\Users\ANAM1503\AppData\Roaming\npm\etc\npmrc
7 verbose title npm exec prisma generate
8 verbose argv "exec" "--" "prisma" "generate"
9 verbose logfile logs-max:10 dir:C:\Users\ANAM1503\Desktop\sigam_vite\UsersANAM1503AppDataLocalnpm-cache\_logs\2026-03-18T11_18_52_138Z-
10 verbose logfile C:\Users\ANAM1503\Desktop\sigam_vite\UsersANAM1503AppDataLocalnpm-cache\_logs\2026-03-18T11_18_52_138Z-debug-0.log
11 silly logfile done cleaning log files
12 silly packumentCache heap:4345298944 maxSize:1086324736 maxEntrySize:543162368
13 http fetch GET 200 https://registry.npmjs.org/prisma 2294ms (cache miss)
14 silly packumentCache heap:4345298944 maxSize:1086324736 maxEntrySize:543162368
15 silly packumentCache heap:4345298944 maxSize:1086324736 maxEntrySize:543162368
16 verbose stack Error: canceled
16 verbose stack     at Interface.<anonymous> (C:\Program Files\nodejs\node_modules\npm\node_modules\read\dist\commonjs\read.js:89:21)
16 verbose stack     at Interface.emit (node:events:518:28)
16 verbose stack     at [_ttyWrite] [as _ttyWrite] (node:internal/readline/interface:1132:18)
16 verbose stack     at ReadStream.onkeypress (node:internal/readline/interface:271:20)
16 verbose stack     at ReadStream.emit (node:events:518:28)
16 verbose stack     at emitKeys (node:internal/readline/utils:370:14)
16 verbose stack     at emitKeys.next (<anonymous>)
16 verbose stack     at ReadStream.onData (node:internal/readline/emitKeypressEvents:64:36)
16 verbose stack     at ReadStream.emit (node:events:518:28)
16 verbose stack     at addChunk (node:internal/streams/readable:561:12)
17 error canceled
18 verbose cwd C:\Users\ANAM1503\Desktop\sigam_vite
19 verbose os Windows_NT 10.0.20348
20 verbose node v22.18.0
21 verbose npm  v10.9.3
22 verbose exit 1
23 verbose code 1
24 error A complete log of this run can be found in: C:\Users\ANAM1503\Desktop\sigam_vite\UsersANAM1503AppDataLocalnpm-cache\_logs\2026-03-18T11_18_52_138Z-debug-0.log
