0 verbose cli C:\Program Files\nodejs\node.exe C:\Program Files\nodejs\node_modules\npm\bin\npm-cli.js
1 info using npm@10.9.3
2 info using node@v22.18.0
3 silly config load:file:C:\Program Files\nodejs\node_modules\npm\npmrc
4 silly config load:file:C:\Users\ANAM1503\Desktop\sigam_vite\.npmrc
5 silly config load:file:C:\Users\ANAM1503\.npmrc
6 silly config load:file:C:\Users\ANAM1503\AppData\Roaming\npm\etc\npmrc
7 verbose title npm install caniuse-lite baseline-browser-mapping
8 verbose argv "install" "caniuse-lite" "baseline-browser-mapping"
9 verbose logfile logs-max:10 dir:C:\Users\ANAM1503\Desktop\sigam_vite\UsersANAM1503AppDataLocalnpm-cache\_logs\2026-05-03T08_41_16_912Z-
10 verbose logfile C:\Users\ANAM1503\Desktop\sigam_vite\UsersANAM1503AppDataLocalnpm-cache\_logs\2026-05-03T08_41_16_912Z-debug-0.log
11 silly logfile done cleaning log files
12 silly packumentCache heap:4345298944 maxSize:1086324736 maxEntrySize:543162368
13 silly idealTree buildDeps
14 silly fetch manifest caniuse-lite@*
15 silly packumentCache full:https://registry.npmjs.org/caniuse-lite cache-miss
16 http cache https://registry.npmjs.org/caniuse-lite 34ms (cache hit)
17 silly packumentCache full:https://registry.npmjs.org/caniuse-lite set size:2289092 disposed:false
18 silly fetch manifest baseline-browser-mapping@*
19 silly packumentCache full:https://registry.npmjs.org/baseline-browser-mapping cache-miss
20 http cache https://registry.npmjs.org/baseline-browser-mapping 9ms (cache hit)
21 silly packumentCache full:https://registry.npmjs.org/baseline-browser-mapping set size:467497 disposed:false
22 silly placeDep ROOT baseline-browser-mapping@2.10.25 OK for:  want: *
23 silly placeDep ROOT caniuse-lite@1.0.30001791 OK for:  want: *
24 silly reify moves {}
25 silly audit bulk request {
25 silly audit   '@types/react': [ '19.2.7' ],
25 silly audit   '@types/react-helmet': [ '6.1.11' ],
25 silly audit   '@types/react-helmet-async': [ '1.0.1' ],
25 silly audit   csstype: [ '3.2.3' ],
25 silly audit   invariant: [ '2.2.4' ],
25 silly audit   'js-tokens': [ '4.0.0' ],
25 silly audit   'loose-envify': [ '1.4.0' ],
25 silly audit   react: [ '18.3.1' ],
25 silly audit   'react-fast-compare': [ '3.2.2' ],
25 silly audit   'react-helmet-async': [ '2.0.5' ],
25 silly audit   shallowequal: [ '1.1.0' ],
25 silly audit   'baseline-browser-mapping': [ '2.10.25' ],
25 silly audit   'caniuse-lite': [ '1.0.30001791' ]
25 silly audit }
26 http cache caniuse-lite@https://registry.npmjs.org/caniuse-lite/-/caniuse-lite-1.0.30001791.tgz 0ms (cache hit)
27 http cache baseline-browser-mapping@https://registry.npmjs.org/baseline-browser-mapping/-/baseline-browser-mapping-2.10.25.tgz 0ms (cache hit)
28 http fetch POST 200 https://registry.npmjs.org/-/npm/v1/security/advisories/bulk 449ms
29 silly audit report {}
30 silly ADD node_modules/caniuse-lite
31 silly ADD node_modules/baseline-browser-mapping
32 verbose cwd C:\Users\ANAM1503\Desktop\sigam_vite
33 verbose os Windows_NT 10.0.20348
34 verbose node v22.18.0
35 verbose npm  v10.9.3
36 verbose exit 0
37 info ok
